[0.451s] Invoking command in '/home/davidter/ros2_ws/src/trsa_lab1': PYTHONPATH=/home/davidter/ros2_ws/build/trsa_lab1/prefix_override:/usr/lib/python3/dist-packages/colcon_core/task/python/colcon_distutils_commands:/home/davidter/ros2_ws/install/trsa_lab1/lib/python3.10/site-packages:${PYTHONPATH} /usr/bin/python3 -W ignore:setup.py install is deprecated -W ignore:easy_install command is deprecated setup.py egg_info --egg-base ../../build/trsa_lab1 build --build-base /home/davidter/ros2_ws/build/trsa_lab1/build install --record /home/davidter/ros2_ws/build/trsa_lab1/install.log --single-version-externally-managed install_data
[0.611s] running egg_info
[0.611s] writing ../../build/trsa_lab1/trsa_lab1.egg-info/PKG-INFO
[0.612s] writing dependency_links to ../../build/trsa_lab1/trsa_lab1.egg-info/dependency_links.txt
[0.612s] writing entry points to ../../build/trsa_lab1/trsa_lab1.egg-info/entry_points.txt
[0.612s] writing requirements to ../../build/trsa_lab1/trsa_lab1.egg-info/requires.txt
[0.612s] writing top-level names to ../../build/trsa_lab1/trsa_lab1.egg-info/top_level.txt
[0.614s] reading manifest file '../../build/trsa_lab1/trsa_lab1.egg-info/SOURCES.txt'
[0.616s] writing manifest file '../../build/trsa_lab1/trsa_lab1.egg-info/SOURCES.txt'
[0.616s] running build
[0.616s] running build_py
[0.617s] running install
[0.617s] running install_lib
[0.617s] running install_data
[0.620s] running install_egg_info
[0.621s] removing '/home/davidter/ros2_ws/install/trsa_lab1/lib/python3.10/site-packages/trsa_lab1-0.0.0-py3.10.egg-info' (and everything under it)
[0.621s] Copying ../../build/trsa_lab1/trsa_lab1.egg-info to /home/davidter/ros2_ws/install/trsa_lab1/lib/python3.10/site-packages/trsa_lab1-0.0.0-py3.10.egg-info
[0.622s] running install_scripts
[0.637s] Installing camera_calibration_pub script to /home/davidter/ros2_ws/install/trsa_lab1/lib/trsa_lab1
[0.637s] Installing camera_driver script to /home/davidter/ros2_ws/install/trsa_lab1/lib/trsa_lab1
[0.637s] writing list of installed files to '/home/davidter/ros2_ws/build/trsa_lab1/install.log'
[0.657s] Invoked command in '/home/davidter/ros2_ws/src/trsa_lab1' returned '0': PYTHONPATH=/home/davidter/ros2_ws/build/trsa_lab1/prefix_override:/usr/lib/python3/dist-packages/colcon_core/task/python/colcon_distutils_commands:/home/davidter/ros2_ws/install/trsa_lab1/lib/python3.10/site-packages:${PYTHONPATH} /usr/bin/python3 -W ignore:setup.py install is deprecated -W ignore:easy_install command is deprecated setup.py egg_info --egg-base ../../build/trsa_lab1 build --build-base /home/davidter/ros2_ws/build/trsa_lab1/build install --record /home/davidter/ros2_ws/build/trsa_lab1/install.log --single-version-externally-managed install_data
