[0.605s] Invoking command in '/home/davidter/ros2_ws/src/trsa_lab1': PYTHONPATH=/home/davidter/ros2_ws/build/trsa_lab1/prefix_override:/usr/lib/python3/dist-packages/colcon_core/task/python/colcon_distutils_commands:/home/davidter/ros2_ws/install/trsa_lab1/lib/python3.10/site-packages:${PYTHONPATH} /usr/bin/python3 -W ignore:setup.py install is deprecated -W ignore:easy_install command is deprecated setup.py egg_info --egg-base ../../build/trsa_lab1 build --build-base /home/davidter/ros2_ws/build/trsa_lab1/build install --record /home/davidter/ros2_ws/build/trsa_lab1/install.log --single-version-externally-managed install_data
[0.825s] running egg_info
[0.825s] writing ../../build/trsa_lab1/trsa_lab1.egg-info/PKG-INFO
[0.826s] writing dependency_links to ../../build/trsa_lab1/trsa_lab1.egg-info/dependency_links.txt
[0.826s] writing entry points to ../../build/trsa_lab1/trsa_lab1.egg-info/entry_points.txt
[0.826s] writing requirements to ../../build/trsa_lab1/trsa_lab1.egg-info/requires.txt
[0.826s] writing top-level names to ../../build/trsa_lab1/trsa_lab1.egg-info/top_level.txt
[0.830s] reading manifest file '../../build/trsa_lab1/trsa_lab1.egg-info/SOURCES.txt'
[0.834s] writing manifest file '../../build/trsa_lab1/trsa_lab1.egg-info/SOURCES.txt'
[0.834s] running build
[0.834s] running build_py
[0.834s] copying trsa_lab1/image_reader.py -> /home/davidter/ros2_ws/build/trsa_lab1/build/lib/trsa_lab1
[0.834s] copying trsa_lab1/image_reader_rectified.py -> /home/davidter/ros2_ws/build/trsa_lab1/build/lib/trsa_lab1
[0.835s] running install
[0.835s] running install_lib
[0.836s] copying /home/davidter/ros2_ws/build/trsa_lab1/build/lib/trsa_lab1/image_reader.py -> /home/davidter/ros2_ws/install/trsa_lab1/lib/python3.10/site-packages/trsa_lab1
[0.836s] copying /home/davidter/ros2_ws/build/trsa_lab1/build/lib/trsa_lab1/image_reader_rectified.py -> /home/davidter/ros2_ws/install/trsa_lab1/lib/python3.10/site-packages/trsa_lab1
[0.836s] byte-compiling /home/davidter/ros2_ws/install/trsa_lab1/lib/python3.10/site-packages/trsa_lab1/image_reader.py to image_reader.cpython-310.pyc
[0.837s] byte-compiling /home/davidter/ros2_ws/install/trsa_lab1/lib/python3.10/site-packages/trsa_lab1/image_reader_rectified.py to image_reader_rectified.cpython-310.pyc
[0.837s] running install_data
[0.843s] copying launch/lab1.launch.py -> /home/davidter/ros2_ws/install/trsa_lab1/share/trsa_lab1
[0.843s] running install_egg_info
[0.845s] removing '/home/davidter/ros2_ws/install/trsa_lab1/lib/python3.10/site-packages/trsa_lab1-0.0.0-py3.10.egg-info' (and everything under it)
[0.845s] Copying ../../build/trsa_lab1/trsa_lab1.egg-info to /home/davidter/ros2_ws/install/trsa_lab1/lib/python3.10/site-packages/trsa_lab1-0.0.0-py3.10.egg-info
[0.847s] running install_scripts
[0.866s] Installing camera_calibration_pub script to /home/davidter/ros2_ws/install/trsa_lab1/lib/trsa_lab1
[0.867s] Installing camera_driver script to /home/davidter/ros2_ws/install/trsa_lab1/lib/trsa_lab1
[0.867s] Installing image_reader script to /home/davidter/ros2_ws/install/trsa_lab1/lib/trsa_lab1
[0.867s] Installing image_reader_rectified script to /home/davidter/ros2_ws/install/trsa_lab1/lib/trsa_lab1
[0.867s] Installing image_rectifier script to /home/davidter/ros2_ws/install/trsa_lab1/lib/trsa_lab1
[0.868s] writing list of installed files to '/home/davidter/ros2_ws/build/trsa_lab1/install.log'
[0.894s] Invoked command in '/home/davidter/ros2_ws/src/trsa_lab1' returned '0': PYTHONPATH=/home/davidter/ros2_ws/build/trsa_lab1/prefix_override:/usr/lib/python3/dist-packages/colcon_core/task/python/colcon_distutils_commands:/home/davidter/ros2_ws/install/trsa_lab1/lib/python3.10/site-packages:${PYTHONPATH} /usr/bin/python3 -W ignore:setup.py install is deprecated -W ignore:easy_install command is deprecated setup.py egg_info --egg-base ../../build/trsa_lab1 build --build-base /home/davidter/ros2_ws/build/trsa_lab1/build install --record /home/davidter/ros2_ws/build/trsa_lab1/install.log --single-version-externally-managed install_data
