[0.495s] Invoking command in '/home/davidter/ros2_ws/build/trsa_lab1': PYTHONPATH=/home/davidter/ros2_ws/build/trsa_lab1/prefix_override:/usr/lib/python3/dist-packages/colcon_core/task/python/colcon_distutils_commands:/home/davidter/ros2_ws/install/trsa_lab1/lib/python3.10/site-packages:${PYTHONPATH} /usr/bin/python3 -W ignore:setup.py install is deprecated -W ignore:easy_install command is deprecated setup.py develop --uninstall --editable --build-directory /home/davidter/ros2_ws/build/trsa_lab1/build
[0.668s] running develop
[0.777s] Removing /home/davidter/ros2_ws/install/trsa_lab1/lib/python3.10/site-packages/trsa-lab1.egg-link (link to .)
[0.799s] Invoked command in '/home/davidter/ros2_ws/build/trsa_lab1' returned '0': PYTHONPATH=/home/davidter/ros2_ws/build/trsa_lab1/prefix_override:/usr/lib/python3/dist-packages/colcon_core/task/python/colcon_distutils_commands:/home/davidter/ros2_ws/install/trsa_lab1/lib/python3.10/site-packages:${PYTHONPATH} /usr/bin/python3 -W ignore:setup.py install is deprecated -W ignore:easy_install command is deprecated setup.py develop --uninstall --editable --build-directory /home/davidter/ros2_ws/build/trsa_lab1/build
[0.802s] Invoking command in '/home/davidter/ros2_ws/src/trsa_lab1': PYTHONPATH=/home/davidter/ros2_ws/build/trsa_lab1/prefix_override:/usr/lib/python3/dist-packages/colcon_core/task/python/colcon_distutils_commands:/home/davidter/ros2_ws/install/trsa_lab1/lib/python3.10/site-packages:${PYTHONPATH} /usr/bin/python3 -W ignore:setup.py install is deprecated -W ignore:easy_install command is deprecated setup.py egg_info --egg-base ../../build/trsa_lab1 build --build-base /home/davidter/ros2_ws/build/trsa_lab1/build install --record /home/davidter/ros2_ws/build/trsa_lab1/install.log --single-version-externally-managed install_data --force
[0.960s] running egg_info
[0.961s] writing ../../build/trsa_lab1/trsa_lab1.egg-info/PKG-INFO
[0.961s] writing dependency_links to ../../build/trsa_lab1/trsa_lab1.egg-info/dependency_links.txt
[0.961s] writing entry points to ../../build/trsa_lab1/trsa_lab1.egg-info/entry_points.txt
[0.961s] writing requirements to ../../build/trsa_lab1/trsa_lab1.egg-info/requires.txt
[0.961s] writing top-level names to ../../build/trsa_lab1/trsa_lab1.egg-info/top_level.txt
[0.964s] reading manifest file '../../build/trsa_lab1/trsa_lab1.egg-info/SOURCES.txt'
[0.968s] writing manifest file '../../build/trsa_lab1/trsa_lab1.egg-info/SOURCES.txt'
[0.968s] running build
[0.968s] running build_py
[0.968s] copying trsa_lab1/image_reader.py -> /home/davidter/ros2_ws/build/trsa_lab1/build/lib/trsa_lab1
[0.968s] copying trsa_lab1/camera_calibration_pub.py -> /home/davidter/ros2_ws/build/trsa_lab1/build/lib/trsa_lab1
[0.969s] running install
[0.969s] running install_lib
[0.970s] creating /home/davidter/ros2_ws/install/trsa_lab1/lib/python3.10/site-packages/trsa_lab1
[0.970s] copying /home/davidter/ros2_ws/build/trsa_lab1/build/lib/trsa_lab1/image_rectifier.py -> /home/davidter/ros2_ws/install/trsa_lab1/lib/python3.10/site-packages/trsa_lab1
[0.970s] copying /home/davidter/ros2_ws/build/trsa_lab1/build/lib/trsa_lab1/image_reader.py -> /home/davidter/ros2_ws/install/trsa_lab1/lib/python3.10/site-packages/trsa_lab1
[0.971s] copying /home/davidter/ros2_ws/build/trsa_lab1/build/lib/trsa_lab1/camera_driver.py -> /home/davidter/ros2_ws/install/trsa_lab1/lib/python3.10/site-packages/trsa_lab1
[0.971s] copying /home/davidter/ros2_ws/build/trsa_lab1/build/lib/trsa_lab1/camera_calibration_pub.py -> /home/davidter/ros2_ws/install/trsa_lab1/lib/python3.10/site-packages/trsa_lab1
[0.971s] copying /home/davidter/ros2_ws/build/trsa_lab1/build/lib/trsa_lab1/__init__.py -> /home/davidter/ros2_ws/install/trsa_lab1/lib/python3.10/site-packages/trsa_lab1
[0.971s] byte-compiling /home/davidter/ros2_ws/install/trsa_lab1/lib/python3.10/site-packages/trsa_lab1/image_rectifier.py to image_rectifier.cpython-310.pyc
[0.972s] byte-compiling /home/davidter/ros2_ws/install/trsa_lab1/lib/python3.10/site-packages/trsa_lab1/image_reader.py to image_reader.cpython-310.pyc
[0.973s] byte-compiling /home/davidter/ros2_ws/install/trsa_lab1/lib/python3.10/site-packages/trsa_lab1/camera_driver.py to camera_driver.cpython-310.pyc
[0.973s] byte-compiling /home/davidter/ros2_ws/install/trsa_lab1/lib/python3.10/site-packages/trsa_lab1/camera_calibration_pub.py to camera_calibration_pub.cpython-310.pyc
[0.973s] byte-compiling /home/davidter/ros2_ws/install/trsa_lab1/lib/python3.10/site-packages/trsa_lab1/__init__.py to __init__.cpython-310.pyc
[0.974s] running install_data
[0.974s] copying resource/trsa_lab1 -> /home/davidter/ros2_ws/install/trsa_lab1/share/ament_index/resource_index/packages
[0.974s] copying package.xml -> /home/davidter/ros2_ws/install/trsa_lab1/share/trsa_lab1
[0.974s] copying video/test.mov -> /home/davidter/ros2_ws/install/trsa_lab1/share/trsa_lab1/video
[1.036s] copying calibration/images/45.jpeg:Zone.Identifier -> /home/davidter/ros2_ws/install/trsa_lab1/share/trsa_lab1/calibration/images
[1.037s] copying calibration/images/27.jpeg:Zone.Identifier -> /home/davidter/ros2_ws/install/trsa_lab1/share/trsa_lab1/calibration/images
[1.037s] copying calibration/images/110.jpeg:Zone.Identifier -> /home/davidter/ros2_ws/install/trsa_lab1/share/trsa_lab1/calibration/images
[1.037s] copying calibration/images/9.jpeg -> /home/davidter/ros2_ws/install/trsa_lab1/share/trsa_lab1/calibration/images
[1.037s] copying calibration/images/60.jpeg:Zone.Identifier -> /home/davidter/ros2_ws/install/trsa_lab1/share/trsa_lab1/calibration/images
[1.037s] copying calibration/images/57.jpeg -> /home/davidter/ros2_ws/install/trsa_lab1/share/trsa_lab1/calibration/images
[1.038s] copying calibration/images/27.jpeg -> /home/davidter/ros2_ws/install/trsa_lab1/share/trsa_lab1/calibration/images
[1.039s] copying calibration/images/76.jpeg:Zone.Identifier -> /home/davidter/ros2_ws/install/trsa_lab1/share/trsa_lab1/calibration/images
[1.039s] copying calibration/images/58.jpeg:Zone.Identifier -> /home/davidter/ros2_ws/install/trsa_lab1/share/trsa_lab1/calibration/images
[1.040s] copying calibration/images/40.jpeg -> /home/davidter/ros2_ws/install/trsa_lab1/share/trsa_lab1/calibration/images
[1.040s] copying calibration/images/100.jpeg:Zone.Identifier -> /home/davidter/ros2_ws/install/trsa_lab1/share/trsa_lab1/calibration/images
[1.040s] copying calibration/images/79.jpeg -> /home/davidter/ros2_ws/install/trsa_lab1/share/trsa_lab1/calibration/images
[1.041s] copying calibration/images/111.jpeg -> /home/davidter/ros2_ws/install/trsa_lab1/share/trsa_lab1/calibration/images
[1.042s] copying calibration/images/19.jpeg:Zone.Identifier -> /home/davidter/ros2_ws/install/trsa_lab1/share/trsa_lab1/calibration/images
[1.042s] copying calibration/images/34.jpeg -> /home/davidter/ros2_ws/install/trsa_lab1/share/trsa_lab1/calibration/images
[1.043s] copying calibration/images/51.jpeg:Zone.Identifier -> /home/davidter/ros2_ws/install/trsa_lab1/share/trsa_lab1/calibration/images
[1.043s] copying calibration/images/80.jpeg:Zone.Identifier -> /home/davidter/ros2_ws/install/trsa_lab1/share/trsa_lab1/calibration/images
[1.043s] copying calibration/images/105.jpeg -> /home/davidter/ros2_ws/install/trsa_lab1/share/trsa_lab1/calibration/images
[1.044s] copying calibration/images/117.jpeg -> /home/davidter/ros2_ws/install/trsa_lab1/share/trsa_lab1/calibration/images
[1.044s] copying calibration/images/99.jpeg -> /home/davidter/ros2_ws/install/trsa_lab1/share/trsa_lab1/calibration/images
[1.044s] copying calibration/images/68.jpeg -> /home/davidter/ros2_ws/install/trsa_lab1/share/trsa_lab1/calibration/images
[1.045s] copying calibration/images/83.jpeg -> /home/davidter/ros2_ws/install/trsa_lab1/share/trsa_lab1/calibration/images
[1.045s] copying calibration/images/116.jpeg:Zone.Identifier -> /home/davidter/ros2_ws/install/trsa_lab1/share/trsa_lab1/calibration/images
[1.045s] copying calibration/images/84.jpeg -> /home/davidter/ros2_ws/install/trsa_lab1/share/trsa_lab1/calibration/images
[1.045s] copying calibration/images/95.jpeg:Zone.Identifier -> /home/davidter/ros2_ws/install/trsa_lab1/share/trsa_lab1/calibration/images
[1.046s] copying calibration/images/53.jpeg:Zone.Identifier -> /home/davidter/ros2_ws/install/trsa_lab1/share/trsa_lab1/calibration/images
[1.046s] copying calibration/images/18.jpeg -> /home/davidter/ros2_ws/install/trsa_lab1/share/trsa_lab1/calibration/images
[1.046s] copying calibration/images/112.jpeg:Zone.Identifier -> /home/davidter/ros2_ws/install/trsa_lab1/share/trsa_lab1/calibration/images
[1.046s] copying calibration/images/85.jpeg:Zone.Identifier -> /home/davidter/ros2_ws/install/trsa_lab1/share/trsa_lab1/calibration/images
[1.046s] copying calibration/images/26.jpeg -> /home/davidter/ros2_ws/install/trsa_lab1/share/trsa_lab1/calibration/images
[1.046s] copying calibration/images/8.jpeg -> /home/davidter/ros2_ws/install/trsa_lab1/share/trsa_lab1/calibration/images
[1.047s] copying calibration/images/28.jpeg -> /home/davidter/ros2_ws/install/trsa_lab1/share/trsa_lab1/calibration/images
[1.047s] copying calibration/images/38.jpeg:Zone.Identifier -> /home/davidter/ros2_ws/install/trsa_lab1/share/trsa_lab1/calibration/images
[1.047s] copying calibration/images/107.jpeg:Zone.Identifier -> /home/davidter/ros2_ws/install/trsa_lab1/share/trsa_lab1/calibration/images
[1.047s] copying calibration/images/5.jpeg:Zone.Identifier -> /home/davidter/ros2_ws/install/trsa_lab1/share/trsa_lab1/calibration/images
[1.047s] copying calibration/images/109.jpeg -> /home/davidter/ros2_ws/install/trsa_lab1/share/trsa_lab1/calibration/images
[1.048s] copying calibration/images/35.jpeg -> /home/davidter/ros2_ws/install/trsa_lab1/share/trsa_lab1/calibration/images
[1.048s] copying calibration/images/24.jpeg -> /home/davidter/ros2_ws/install/trsa_lab1/share/trsa_lab1/calibration/images
[1.048s] copying calibration/images/55.jpeg -> /home/davidter/ros2_ws/install/trsa_lab1/share/trsa_lab1/calibration/images
[1.049s] copying calibration/images/35.jpeg:Zone.Identifier -> /home/davidter/ros2_ws/install/trsa_lab1/share/trsa_lab1/calibration/images
[1.049s] copying calibration/images/98.jpeg -> /home/davidter/ros2_ws/install/trsa_lab1/share/trsa_lab1/calibration/images
[1.049s] copying calibration/images/71.jpeg:Zone.Identifier -> /home/davidter/ros2_ws/install/trsa_lab1/share/trsa_lab1/calibration/images
[1.049s] copying calibration/images/18.jpeg:Zone.Identifier -> /home/davidter/ros2_ws/install/trsa_lab1/share/trsa_lab1/calibration/images
[1.050s] copying calibration/images/126.jpeg:Zone.Identifier -> /home/davidter/ros2_ws/install/trsa_lab1/share/trsa_lab1/calibration/images
[1.050s] copying calibration/images/122.jpeg:Zone.Identifier -> /home/davidter/ros2_ws/install/trsa_lab1/share/trsa_lab1/calibration/images
[1.050s] copying calibration/images/28.jpeg:Zone.Identifier -> /home/davidter/ros2_ws/install/trsa_lab1/share/trsa_lab1/calibration/images
[1.050s] copying calibration/images/118.jpeg:Zone.Identifier -> /home/davidter/ros2_ws/install/trsa_lab1/share/trsa_lab1/calibration/images
[1.050s] copying calibration/images/68.jpeg:Zone.Identifier -> /home/davidter/ros2_ws/install/trsa_lab1/share/trsa_lab1/calibration/images
[1.050s] copying calibration/images/25.jpeg:Zone.Identifier -> /home/davidter/ros2_ws/install/trsa_lab1/share/trsa_lab1/calibration/images
[1.050s] copying calibration/images/22.jpeg:Zone.Identifier -> /home/davidter/ros2_ws/install/trsa_lab1/share/trsa_lab1/calibration/images
[1.050s] copying calibration/images/119.jpeg -> /home/davidter/ros2_ws/install/trsa_lab1/share/trsa_lab1/calibration/images
[1.051s] copying calibration/images/95.jpeg -> /home/davidter/ros2_ws/install/trsa_lab1/share/trsa_lab1/calibration/images
[1.051s] copying calibration/images/43.jpeg -> /home/davidter/ros2_ws/install/trsa_lab1/share/trsa_lab1/calibration/images
[1.052s] copying calibration/images/81.jpeg -> /home/davidter/ros2_ws/install/trsa_lab1/share/trsa_lab1/calibration/images
[1.053s] copying calibration/images/0.jpeg -> /home/davidter/ros2_ws/install/trsa_lab1/share/trsa_lab1/calibration/images
[1.054s] copying calibration/images/54.jpeg:Zone.Identifier -> /home/davidter/ros2_ws/install/trsa_lab1/share/trsa_lab1/calibration/images
[1.054s] copying calibration/images/83.jpeg:Zone.Identifier -> /home/davidter/ros2_ws/install/trsa_lab1/share/trsa_lab1/calibration/images
[1.054s] copying calibration/images/22.jpeg -> /home/davidter/ros2_ws/install/trsa_lab1/share/trsa_lab1/calibration/images
[1.055s] copying calibration/images/6.jpeg:Zone.Identifier -> /home/davidter/ros2_ws/install/trsa_lab1/share/trsa_lab1/calibration/images
[1.055s] copying calibration/images/10.jpeg -> /home/davidter/ros2_ws/install/trsa_lab1/share/trsa_lab1/calibration/images
[1.055s] copying calibration/images/1.jpeg:Zone.Identifier -> /home/davidter/ros2_ws/install/trsa_lab1/share/trsa_lab1/calibration/images
[1.056s] copying calibration/images/109.jpeg:Zone.Identifier -> /home/davidter/ros2_ws/install/trsa_lab1/share/trsa_lab1/calibration/images
[1.056s] copying calibration/images/13.jpeg -> /home/davidter/ros2_ws/install/trsa_lab1/share/trsa_lab1/calibration/images
[1.056s] copying calibration/images/13.jpeg:Zone.Identifier -> /home/davidter/ros2_ws/install/trsa_lab1/share/trsa_lab1/calibration/images
[1.056s] copying calibration/images/12.jpeg:Zone.Identifier -> /home/davidter/ros2_ws/install/trsa_lab1/share/trsa_lab1/calibration/images
[1.056s] copying calibration/images/63.jpeg -> /home/davidter/ros2_ws/install/trsa_lab1/share/trsa_lab1/calibration/images
[1.058s] copying calibration/images/86.jpeg:Zone.Identifier -> /home/davidter/ros2_ws/install/trsa_lab1/share/trsa_lab1/calibration/images
[1.058s] copying calibration/images/99.jpeg:Zone.Identifier -> /home/davidter/ros2_ws/install/trsa_lab1/share/trsa_lab1/calibration/images
[1.058s] copying calibration/images/111.jpeg:Zone.Identifier -> /home/davidter/ros2_ws/install/trsa_lab1/share/trsa_lab1/calibration/images
[1.058s] copying calibration/images/66.jpeg:Zone.Identifier -> /home/davidter/ros2_ws/install/trsa_lab1/share/trsa_lab1/calibration/images
[1.058s] copying calibration/images/60.jpeg -> /home/davidter/ros2_ws/install/trsa_lab1/share/trsa_lab1/calibration/images
[1.060s] copying calibration/images/20.jpeg -> /home/davidter/ros2_ws/install/trsa_lab1/share/trsa_lab1/calibration/images
[1.062s] copying calibration/images/36.jpeg -> /home/davidter/ros2_ws/install/trsa_lab1/share/trsa_lab1/calibration/images
[1.062s] copying calibration/images/30.jpeg -> /home/davidter/ros2_ws/install/trsa_lab1/share/trsa_lab1/calibration/images
[1.063s] copying calibration/images/94.jpeg:Zone.Identifier -> /home/davidter/ros2_ws/install/trsa_lab1/share/trsa_lab1/calibration/images
[1.064s] copying calibration/images/75.jpeg -> /home/davidter/ros2_ws/install/trsa_lab1/share/trsa_lab1/calibration/images
[1.065s] copying calibration/images/92.jpeg:Zone.Identifier -> /home/davidter/ros2_ws/install/trsa_lab1/share/trsa_lab1/calibration/images
[1.065s] copying calibration/images/97.jpeg -> /home/davidter/ros2_ws/install/trsa_lab1/share/trsa_lab1/calibration/images
[1.066s] copying calibration/images/77.jpeg -> /home/davidter/ros2_ws/install/trsa_lab1/share/trsa_lab1/calibration/images
[1.068s] copying calibration/images/69.jpeg:Zone.Identifier -> /home/davidter/ros2_ws/install/trsa_lab1/share/trsa_lab1/calibration/images
[1.068s] copying calibration/images/2.jpeg -> /home/davidter/ros2_ws/install/trsa_lab1/share/trsa_lab1/calibration/images
[1.069s] copying calibration/images/79.jpeg:Zone.Identifier -> /home/davidter/ros2_ws/install/trsa_lab1/share/trsa_lab1/calibration/images
[1.069s] copying calibration/images/125.jpeg -> /home/davidter/ros2_ws/install/trsa_lab1/share/trsa_lab1/calibration/images
[1.070s] copying calibration/images/112.jpeg -> /home/davidter/ros2_ws/install/trsa_lab1/share/trsa_lab1/calibration/images
[1.072s] copying calibration/images/110.jpeg -> /home/davidter/ros2_ws/install/trsa_lab1/share/trsa_lab1/calibration/images
[1.072s] copying calibration/images/50.jpeg:Zone.Identifier -> /home/davidter/ros2_ws/install/trsa_lab1/share/trsa_lab1/calibration/images
[1.073s] copying calibration/images/23.jpeg:Zone.Identifier -> /home/davidter/ros2_ws/install/trsa_lab1/share/trsa_lab1/calibration/images
[1.073s] copying calibration/images/31.jpeg -> /home/davidter/ros2_ws/install/trsa_lab1/share/trsa_lab1/calibration/images
[1.073s] copying calibration/images/30.jpeg:Zone.Identifier -> /home/davidter/ros2_ws/install/trsa_lab1/share/trsa_lab1/calibration/images
[1.073s] copying calibration/images/45.jpeg -> /home/davidter/ros2_ws/install/trsa_lab1/share/trsa_lab1/calibration/images
[1.074s] copying calibration/images/69.jpeg -> /home/davidter/ros2_ws/install/trsa_lab1/share/trsa_lab1/calibration/images
[1.074s] copying calibration/images/115.jpeg -> /home/davidter/ros2_ws/install/trsa_lab1/share/trsa_lab1/calibration/images
[1.075s] copying calibration/images/82.jpeg -> /home/davidter/ros2_ws/install/trsa_lab1/share/trsa_lab1/calibration/images
[1.075s] copying calibration/images/37.jpeg -> /home/davidter/ros2_ws/install/trsa_lab1/share/trsa_lab1/calibration/images
[1.076s] copying calibration/images/24.jpeg:Zone.Identifier -> /home/davidter/ros2_ws/install/trsa_lab1/share/trsa_lab1/calibration/images
[1.076s] copying calibration/images/65.jpeg -> /home/davidter/ros2_ws/install/trsa_lab1/share/trsa_lab1/calibration/images
[1.077s] copying calibration/images/55.jpeg:Zone.Identifier -> /home/davidter/ros2_ws/install/trsa_lab1/share/trsa_lab1/calibration/images
[1.077s] copying calibration/images/42.jpeg -> /home/davidter/ros2_ws/install/trsa_lab1/share/trsa_lab1/calibration/images
[1.078s] copying calibration/images/14.jpeg -> /home/davidter/ros2_ws/install/trsa_lab1/share/trsa_lab1/calibration/images
[1.079s] copying calibration/images/71.jpeg -> /home/davidter/ros2_ws/install/trsa_lab1/share/trsa_lab1/calibration/images
[1.080s] copying calibration/images/2.jpeg:Zone.Identifier -> /home/davidter/ros2_ws/install/trsa_lab1/share/trsa_lab1/calibration/images
[1.080s] copying calibration/images/49.jpeg -> /home/davidter/ros2_ws/install/trsa_lab1/share/trsa_lab1/calibration/images
[1.081s] copying calibration/images/36.jpeg:Zone.Identifier -> /home/davidter/ros2_ws/install/trsa_lab1/share/trsa_lab1/calibration/images
[1.081s] copying calibration/images/91.jpeg -> /home/davidter/ros2_ws/install/trsa_lab1/share/trsa_lab1/calibration/images
[1.081s] copying calibration/images/3.jpeg:Zone.Identifier -> /home/davidter/ros2_ws/install/trsa_lab1/share/trsa_lab1/calibration/images
[1.081s] copying calibration/images/46.jpeg:Zone.Identifier -> /home/davidter/ros2_ws/install/trsa_lab1/share/trsa_lab1/calibration/images
[1.081s] copying calibration/images/101.jpeg -> /home/davidter/ros2_ws/install/trsa_lab1/share/trsa_lab1/calibration/images
[1.082s] copying calibration/images/7.jpeg:Zone.Identifier -> /home/davidter/ros2_ws/install/trsa_lab1/share/trsa_lab1/calibration/images
[1.082s] copying calibration/images/82.jpeg:Zone.Identifier -> /home/davidter/ros2_ws/install/trsa_lab1/share/trsa_lab1/calibration/images
[1.082s] copying calibration/images/44.jpeg -> /home/davidter/ros2_ws/install/trsa_lab1/share/trsa_lab1/calibration/images
[1.083s] copying calibration/images/54.jpeg -> /home/davidter/ros2_ws/install/trsa_lab1/share/trsa_lab1/calibration/images
[1.083s] copying calibration/images/88.jpeg:Zone.Identifier -> /home/davidter/ros2_ws/install/trsa_lab1/share/trsa_lab1/calibration/images
[1.084s] copying calibration/images/48.jpeg:Zone.Identifier -> /home/davidter/ros2_ws/install/trsa_lab1/share/trsa_lab1/calibration/images
[1.084s] copying calibration/images/8.jpeg:Zone.Identifier -> /home/davidter/ros2_ws/install/trsa_lab1/share/trsa_lab1/calibration/images
[1.084s] copying calibration/images/84.jpeg:Zone.Identifier -> /home/davidter/ros2_ws/install/trsa_lab1/share/trsa_lab1/calibration/images
[1.084s] copying calibration/images/15.jpeg:Zone.Identifier -> /home/davidter/ros2_ws/install/trsa_lab1/share/trsa_lab1/calibration/images
[1.084s] copying calibration/images/108.jpeg -> /home/davidter/ros2_ws/install/trsa_lab1/share/trsa_lab1/calibration/images
[1.084s] copying calibration/images/97.jpeg:Zone.Identifier -> /home/davidter/ros2_ws/install/trsa_lab1/share/trsa_lab1/calibration/images
[1.084s] copying calibration/images/87.jpeg:Zone.Identifier -> /home/davidter/ros2_ws/install/trsa_lab1/share/trsa_lab1/calibration/images
[1.085s] copying calibration/images/52.jpeg -> /home/davidter/ros2_ws/install/trsa_lab1/share/trsa_lab1/calibration/images
[1.085s] copying calibration/images/56.jpeg -> /home/davidter/ros2_ws/install/trsa_lab1/share/trsa_lab1/calibration/images
[1.086s] copying calibration/images/90.jpeg -> /home/davidter/ros2_ws/install/trsa_lab1/share/trsa_lab1/calibration/images
[1.086s] copying calibration/images/115.jpeg:Zone.Identifier -> /home/davidter/ros2_ws/install/trsa_lab1/share/trsa_lab1/calibration/images
[1.087s] copying calibration/images/19.jpeg -> /home/davidter/ros2_ws/install/trsa_lab1/share/trsa_lab1/calibration/images
[1.087s] copying calibration/images/59.jpeg -> /home/davidter/ros2_ws/install/trsa_lab1/share/trsa_lab1/calibration/images
[1.088s] copying calibration/images/40.jpeg:Zone.Identifier -> /home/davidter/ros2_ws/install/trsa_lab1/share/trsa_lab1/calibration/images
[1.088s] copying calibration/images/121.jpeg:Zone.Identifier -> /home/davidter/ros2_ws/install/trsa_lab1/share/trsa_lab1/calibration/images
[1.089s] copying calibration/images/114.jpeg -> /home/davidter/ros2_ws/install/trsa_lab1/share/trsa_lab1/calibration/images
[1.089s] copying calibration/images/67.jpeg -> /home/davidter/ros2_ws/install/trsa_lab1/share/trsa_lab1/calibration/images
[1.090s] copying calibration/images/7.jpeg -> /home/davidter/ros2_ws/install/trsa_lab1/share/trsa_lab1/calibration/images
[1.091s] copying calibration/images/64.jpeg:Zone.Identifier -> /home/davidter/ros2_ws/install/trsa_lab1/share/trsa_lab1/calibration/images
[1.091s] copying calibration/images/49.jpeg:Zone.Identifier -> /home/davidter/ros2_ws/install/trsa_lab1/share/trsa_lab1/calibration/images
[1.091s] copying calibration/images/89.jpeg:Zone.Identifier -> /home/davidter/ros2_ws/install/trsa_lab1/share/trsa_lab1/calibration/images
[1.091s] copying calibration/images/12.jpeg -> /home/davidter/ros2_ws/install/trsa_lab1/share/trsa_lab1/calibration/images
[1.092s] copying calibration/images/102.jpeg:Zone.Identifier -> /home/davidter/ros2_ws/install/trsa_lab1/share/trsa_lab1/calibration/images
[1.092s] copying calibration/images/104.jpeg -> /home/davidter/ros2_ws/install/trsa_lab1/share/trsa_lab1/calibration/images
[1.093s] copying calibration/images/59.jpeg:Zone.Identifier -> /home/davidter/ros2_ws/install/trsa_lab1/share/trsa_lab1/calibration/images
[1.093s] copying calibration/images/25.jpeg -> /home/davidter/ros2_ws/install/trsa_lab1/share/trsa_lab1/calibration/images
[1.093s] copying calibration/images/87.jpeg -> /home/davidter/ros2_ws/install/trsa_lab1/share/trsa_lab1/calibration/images
[1.094s] copying calibration/images/34.jpeg:Zone.Identifier -> /home/davidter/ros2_ws/install/trsa_lab1/share/trsa_lab1/calibration/images
[1.095s] copying calibration/images/96.jpeg:Zone.Identifier -> /home/davidter/ros2_ws/install/trsa_lab1/share/trsa_lab1/calibration/images
[1.095s] copying calibration/images/1.jpeg -> /home/davidter/ros2_ws/install/trsa_lab1/share/trsa_lab1/calibration/images
[1.096s] copying calibration/images/125.jpeg:Zone.Identifier -> /home/davidter/ros2_ws/install/trsa_lab1/share/trsa_lab1/calibration/images
[1.096s] copying calibration/images/91.jpeg:Zone.Identifier -> /home/davidter/ros2_ws/install/trsa_lab1/share/trsa_lab1/calibration/images
[1.096s] copying calibration/images/66.jpeg -> /home/davidter/ros2_ws/install/trsa_lab1/share/trsa_lab1/calibration/images
[1.097s] copying calibration/images/58.jpeg -> /home/davidter/ros2_ws/install/trsa_lab1/share/trsa_lab1/calibration/images
[1.098s] copying calibration/images/77.jpeg:Zone.Identifier -> /home/davidter/ros2_ws/install/trsa_lab1/share/trsa_lab1/calibration/images
[1.098s] copying calibration/images/63.jpeg:Zone.Identifier -> /home/davidter/ros2_ws/install/trsa_lab1/share/trsa_lab1/calibration/images
[1.098s] copying calibration/images/102.jpeg -> /home/davidter/ros2_ws/install/trsa_lab1/share/trsa_lab1/calibration/images
[1.098s] copying calibration/images/106.jpeg -> /home/davidter/ros2_ws/install/trsa_lab1/share/trsa_lab1/calibration/images
[1.099s] copying calibration/images/93.jpeg:Zone.Identifier -> /home/davidter/ros2_ws/install/trsa_lab1/share/trsa_lab1/calibration/images
[1.099s] copying calibration/images/124.jpeg -> /home/davidter/ros2_ws/install/trsa_lab1/share/trsa_lab1/calibration/images
[1.100s] copying calibration/images/41.jpeg -> /home/davidter/ros2_ws/install/trsa_lab1/share/trsa_lab1/calibration/images
[1.100s] copying calibration/images/74.jpeg:Zone.Identifier -> /home/davidter/ros2_ws/install/trsa_lab1/share/trsa_lab1/calibration/images
[1.100s] copying calibration/images/73.jpeg -> /home/davidter/ros2_ws/install/trsa_lab1/share/trsa_lab1/calibration/images
[1.101s] copying calibration/images/5.jpeg -> /home/davidter/ros2_ws/install/trsa_lab1/share/trsa_lab1/calibration/images
[1.102s] copying calibration/images/120.jpeg:Zone.Identifier -> /home/davidter/ros2_ws/install/trsa_lab1/share/trsa_lab1/calibration/images
[1.102s] copying calibration/images/6.jpeg -> /home/davidter/ros2_ws/install/trsa_lab1/share/trsa_lab1/calibration/images
[1.103s] copying calibration/images/62.jpeg -> /home/davidter/ros2_ws/install/trsa_lab1/share/trsa_lab1/calibration/images
[1.104s] copying calibration/images/16.jpeg:Zone.Identifier -> /home/davidter/ros2_ws/install/trsa_lab1/share/trsa_lab1/calibration/images
[1.104s] copying calibration/images/85.jpeg -> /home/davidter/ros2_ws/install/trsa_lab1/share/trsa_lab1/calibration/images
[1.105s] copying calibration/images/103.jpeg:Zone.Identifier -> /home/davidter/ros2_ws/install/trsa_lab1/share/trsa_lab1/calibration/images
[1.105s] copying calibration/images/67.jpeg:Zone.Identifier -> /home/davidter/ros2_ws/install/trsa_lab1/share/trsa_lab1/calibration/images
[1.105s] copying calibration/images/47.jpeg -> /home/davidter/ros2_ws/install/trsa_lab1/share/trsa_lab1/calibration/images
[1.106s] copying calibration/images/72.jpeg:Zone.Identifier -> /home/davidter/ros2_ws/install/trsa_lab1/share/trsa_lab1/calibration/images
[1.106s] copying calibration/images/26.jpeg:Zone.Identifier -> /home/davidter/ros2_ws/install/trsa_lab1/share/trsa_lab1/calibration/images
[1.106s] copying calibration/images/29.jpeg:Zone.Identifier -> /home/davidter/ros2_ws/install/trsa_lab1/share/trsa_lab1/calibration/images
[1.106s] copying calibration/images/123.jpeg -> /home/davidter/ros2_ws/install/trsa_lab1/share/trsa_lab1/calibration/images
[1.106s] copying calibration/images/89.jpeg -> /home/davidter/ros2_ws/install/trsa_lab1/share/trsa_lab1/calibration/images
[1.107s] copying calibration/images/94.jpeg -> /home/davidter/ros2_ws/install/trsa_lab1/share/trsa_lab1/calibration/images
[1.107s] copying calibration/images/88.jpeg -> /home/davidter/ros2_ws/install/trsa_lab1/share/trsa_lab1/calibration/images
[1.107s] copying calibration/images/46.jpeg -> /home/davidter/ros2_ws/install/trsa_lab1/share/trsa_lab1/calibration/images
[1.108s] copying calibration/images/32.jpeg -> /home/davidter/ros2_ws/install/trsa_lab1/share/trsa_lab1/calibration/images
[1.108s] copying calibration/images/126.jpeg -> /home/davidter/ros2_ws/install/trsa_lab1/share/trsa_lab1/calibration/images
[1.108s] copying calibration/images/101.jpeg:Zone.Identifier -> /home/davidter/ros2_ws/install/trsa_lab1/share/trsa_lab1/calibration/images
[1.108s] copying calibration/images/21.jpeg -> /home/davidter/ros2_ws/install/trsa_lab1/share/trsa_lab1/calibration/images
[1.109s] copying calibration/images/72.jpeg -> /home/davidter/ros2_ws/install/trsa_lab1/share/trsa_lab1/calibration/images
[1.110s] copying calibration/images/9.jpeg:Zone.Identifier -> /home/davidter/ros2_ws/install/trsa_lab1/share/trsa_lab1/calibration/images
[1.110s] copying calibration/images/31.jpeg:Zone.Identifier -> /home/davidter/ros2_ws/install/trsa_lab1/share/trsa_lab1/calibration/images
[1.110s] copying calibration/images/114.jpeg:Zone.Identifier -> /home/davidter/ros2_ws/install/trsa_lab1/share/trsa_lab1/calibration/images
[1.110s] copying calibration/images/33.jpeg -> /home/davidter/ros2_ws/install/trsa_lab1/share/trsa_lab1/calibration/images
[1.111s] copying calibration/images/33.jpeg:Zone.Identifier -> /home/davidter/ros2_ws/install/trsa_lab1/share/trsa_lab1/calibration/images
[1.111s] copying calibration/images/21.jpeg:Zone.Identifier -> /home/davidter/ros2_ws/install/trsa_lab1/share/trsa_lab1/calibration/images
[1.111s] copying calibration/images/75.jpeg:Zone.Identifier -> /home/davidter/ros2_ws/install/trsa_lab1/share/trsa_lab1/calibration/images
[1.112s] copying calibration/images/32.jpeg:Zone.Identifier -> /home/davidter/ros2_ws/install/trsa_lab1/share/trsa_lab1/calibration/images
[1.112s] copying calibration/images/3.jpeg -> /home/davidter/ros2_ws/install/trsa_lab1/share/trsa_lab1/calibration/images
[1.112s] copying calibration/images/29.jpeg -> /home/davidter/ros2_ws/install/trsa_lab1/share/trsa_lab1/calibration/images
[1.113s] copying calibration/images/107.jpeg -> /home/davidter/ros2_ws/install/trsa_lab1/share/trsa_lab1/calibration/images
[1.113s] copying calibration/images/116.jpeg -> /home/davidter/ros2_ws/install/trsa_lab1/share/trsa_lab1/calibration/images
[1.113s] copying calibration/images/64.jpeg -> /home/davidter/ros2_ws/install/trsa_lab1/share/trsa_lab1/calibration/images
[1.114s] copying calibration/images/56.jpeg:Zone.Identifier -> /home/davidter/ros2_ws/install/trsa_lab1/share/trsa_lab1/calibration/images
[1.114s] copying calibration/images/20.jpeg:Zone.Identifier -> /home/davidter/ros2_ws/install/trsa_lab1/share/trsa_lab1/calibration/images
[1.114s] copying calibration/images/70.jpeg -> /home/davidter/ros2_ws/install/trsa_lab1/share/trsa_lab1/calibration/images
[1.114s] copying calibration/images/37.jpeg:Zone.Identifier -> /home/davidter/ros2_ws/install/trsa_lab1/share/trsa_lab1/calibration/images
[1.114s] copying calibration/images/80.jpeg -> /home/davidter/ros2_ws/install/trsa_lab1/share/trsa_lab1/calibration/images
[1.115s] copying calibration/images/14.jpeg:Zone.Identifier -> /home/davidter/ros2_ws/install/trsa_lab1/share/trsa_lab1/calibration/images
[1.115s] copying calibration/images/117.jpeg:Zone.Identifier -> /home/davidter/ros2_ws/install/trsa_lab1/share/trsa_lab1/calibration/images
[1.115s] copying calibration/images/120.jpeg -> /home/davidter/ros2_ws/install/trsa_lab1/share/trsa_lab1/calibration/images
[1.115s] copying calibration/images/98.jpeg:Zone.Identifier -> /home/davidter/ros2_ws/install/trsa_lab1/share/trsa_lab1/calibration/images
[1.115s] copying calibration/images/103.jpeg -> /home/davidter/ros2_ws/install/trsa_lab1/share/trsa_lab1/calibration/images
[1.116s] copying calibration/images/61.jpeg -> /home/davidter/ros2_ws/install/trsa_lab1/share/trsa_lab1/calibration/images
[1.116s] copying calibration/images/124.jpeg:Zone.Identifier -> /home/davidter/ros2_ws/install/trsa_lab1/share/trsa_lab1/calibration/images
[1.116s] copying calibration/images/122.jpeg -> /home/davidter/ros2_ws/install/trsa_lab1/share/trsa_lab1/calibration/images
[1.116s] copying calibration/images/62.jpeg:Zone.Identifier -> /home/davidter/ros2_ws/install/trsa_lab1/share/trsa_lab1/calibration/images
[1.116s] copying calibration/images/119.jpeg:Zone.Identifier -> /home/davidter/ros2_ws/install/trsa_lab1/share/trsa_lab1/calibration/images
[1.117s] copying calibration/images/76.jpeg -> /home/davidter/ros2_ws/install/trsa_lab1/share/trsa_lab1/calibration/images
[1.117s] copying calibration/images/90.jpeg:Zone.Identifier -> /home/davidter/ros2_ws/install/trsa_lab1/share/trsa_lab1/calibration/images
[1.117s] copying calibration/images/81.jpeg:Zone.Identifier -> /home/davidter/ros2_ws/install/trsa_lab1/share/trsa_lab1/calibration/images
[1.117s] copying calibration/images/108.jpeg:Zone.Identifier -> /home/davidter/ros2_ws/install/trsa_lab1/share/trsa_lab1/calibration/images
[1.117s] copying calibration/images/11.jpeg -> /home/davidter/ros2_ws/install/trsa_lab1/share/trsa_lab1/calibration/images
[1.118s] copying calibration/images/104.jpeg:Zone.Identifier -> /home/davidter/ros2_ws/install/trsa_lab1/share/trsa_lab1/calibration/images
[1.118s] copying calibration/images/42.jpeg:Zone.Identifier -> /home/davidter/ros2_ws/install/trsa_lab1/share/trsa_lab1/calibration/images
[1.118s] copying calibration/images/48.jpeg -> /home/davidter/ros2_ws/install/trsa_lab1/share/trsa_lab1/calibration/images
[1.118s] copying calibration/images/86.jpeg -> /home/davidter/ros2_ws/install/trsa_lab1/share/trsa_lab1/calibration/images
[1.118s] copying calibration/images/52.jpeg:Zone.Identifier -> /home/davidter/ros2_ws/install/trsa_lab1/share/trsa_lab1/calibration/images
[1.119s] copying calibration/images/70.jpeg:Zone.Identifier -> /home/davidter/ros2_ws/install/trsa_lab1/share/trsa_lab1/calibration/images
[1.119s] copying calibration/images/123.jpeg:Zone.Identifier -> /home/davidter/ros2_ws/install/trsa_lab1/share/trsa_lab1/calibration/images
[1.119s] copying calibration/images/4.jpeg -> /home/davidter/ros2_ws/install/trsa_lab1/share/trsa_lab1/calibration/images
[1.119s] copying calibration/images/78.jpeg:Zone.Identifier -> /home/davidter/ros2_ws/install/trsa_lab1/share/trsa_lab1/calibration/images
[1.119s] copying calibration/images/17.jpeg -> /home/davidter/ros2_ws/install/trsa_lab1/share/trsa_lab1/calibration/images
[1.120s] copying calibration/images/105.jpeg:Zone.Identifier -> /home/davidter/ros2_ws/install/trsa_lab1/share/trsa_lab1/calibration/images
[1.120s] copying calibration/images/93.jpeg -> /home/davidter/ros2_ws/install/trsa_lab1/share/trsa_lab1/calibration/images
[1.120s] copying calibration/images/15.jpeg -> /home/davidter/ros2_ws/install/trsa_lab1/share/trsa_lab1/calibration/images
[1.121s] copying calibration/images/100.jpeg -> /home/davidter/ros2_ws/install/trsa_lab1/share/trsa_lab1/calibration/images
[1.121s] copying calibration/images/61.jpeg:Zone.Identifier -> /home/davidter/ros2_ws/install/trsa_lab1/share/trsa_lab1/calibration/images
[1.122s] copying calibration/images/106.jpeg:Zone.Identifier -> /home/davidter/ros2_ws/install/trsa_lab1/share/trsa_lab1/calibration/images
[1.122s] copying calibration/images/74.jpeg -> /home/davidter/ros2_ws/install/trsa_lab1/share/trsa_lab1/calibration/images
[1.123s] copying calibration/images/92.jpeg -> /home/davidter/ros2_ws/install/trsa_lab1/share/trsa_lab1/calibration/images
[1.123s] copying calibration/images/38.jpeg -> /home/davidter/ros2_ws/install/trsa_lab1/share/trsa_lab1/calibration/images
[1.124s] copying calibration/images/4.jpeg:Zone.Identifier -> /home/davidter/ros2_ws/install/trsa_lab1/share/trsa_lab1/calibration/images
[1.124s] copying calibration/images/39.jpeg -> /home/davidter/ros2_ws/install/trsa_lab1/share/trsa_lab1/calibration/images
[1.125s] copying calibration/images/16.jpeg -> /home/davidter/ros2_ws/install/trsa_lab1/share/trsa_lab1/calibration/images
[1.125s] copying calibration/images/43.jpeg:Zone.Identifier -> /home/davidter/ros2_ws/install/trsa_lab1/share/trsa_lab1/calibration/images
[1.126s] copying calibration/images/50.jpeg -> /home/davidter/ros2_ws/install/trsa_lab1/share/trsa_lab1/calibration/images
[1.126s] copying calibration/images/44.jpeg:Zone.Identifier -> /home/davidter/ros2_ws/install/trsa_lab1/share/trsa_lab1/calibration/images
[1.127s] copying calibration/images/23.jpeg -> /home/davidter/ros2_ws/install/trsa_lab1/share/trsa_lab1/calibration/images
[1.127s] copying calibration/images/118.jpeg -> /home/davidter/ros2_ws/install/trsa_lab1/share/trsa_lab1/calibration/images
[1.128s] copying calibration/images/41.jpeg:Zone.Identifier -> /home/davidter/ros2_ws/install/trsa_lab1/share/trsa_lab1/calibration/images
[1.128s] copying calibration/images/57.jpeg:Zone.Identifier -> /home/davidter/ros2_ws/install/trsa_lab1/share/trsa_lab1/calibration/images
[1.128s] copying calibration/images/10.jpeg:Zone.Identifier -> /home/davidter/ros2_ws/install/trsa_lab1/share/trsa_lab1/calibration/images
[1.129s] copying calibration/images/51.jpeg -> /home/davidter/ros2_ws/install/trsa_lab1/share/trsa_lab1/calibration/images
[1.129s] copying calibration/images/113.jpeg -> /home/davidter/ros2_ws/install/trsa_lab1/share/trsa_lab1/calibration/images
[1.130s] copying calibration/images/121.jpeg -> /home/davidter/ros2_ws/install/trsa_lab1/share/trsa_lab1/calibration/images
[1.131s] copying calibration/images/11.jpeg:Zone.Identifier -> /home/davidter/ros2_ws/install/trsa_lab1/share/trsa_lab1/calibration/images
[1.131s] copying calibration/images/65.jpeg:Zone.Identifier -> /home/davidter/ros2_ws/install/trsa_lab1/share/trsa_lab1/calibration/images
[1.131s] copying calibration/images/17.jpeg:Zone.Identifier -> /home/davidter/ros2_ws/install/trsa_lab1/share/trsa_lab1/calibration/images
[1.131s] copying calibration/images/47.jpeg:Zone.Identifier -> /home/davidter/ros2_ws/install/trsa_lab1/share/trsa_lab1/calibration/images
[1.131s] copying calibration/images/39.jpeg:Zone.Identifier -> /home/davidter/ros2_ws/install/trsa_lab1/share/trsa_lab1/calibration/images
[1.132s] copying calibration/images/53.jpeg -> /home/davidter/ros2_ws/install/trsa_lab1/share/trsa_lab1/calibration/images
[1.132s] copying calibration/images/96.jpeg -> /home/davidter/ros2_ws/install/trsa_lab1/share/trsa_lab1/calibration/images
[1.133s] copying calibration/images/113.jpeg:Zone.Identifier -> /home/davidter/ros2_ws/install/trsa_lab1/share/trsa_lab1/calibration/images
[1.133s] copying calibration/images/78.jpeg -> /home/davidter/ros2_ws/install/trsa_lab1/share/trsa_lab1/calibration/images
[1.133s] copying calibration/images/0.jpeg:Zone.Identifier -> /home/davidter/ros2_ws/install/trsa_lab1/share/trsa_lab1/calibration/images
[1.134s] copying calibration/images/73.jpeg:Zone.Identifier -> /home/davidter/ros2_ws/install/trsa_lab1/share/trsa_lab1/calibration/images
[1.134s] running install_egg_info
[1.135s] Copying ../../build/trsa_lab1/trsa_lab1.egg-info to /home/davidter/ros2_ws/install/trsa_lab1/lib/python3.10/site-packages/trsa_lab1-0.0.0-py3.10.egg-info
[1.138s] running install_scripts
[1.153s] Installing camera_calibration_pub script to /home/davidter/ros2_ws/install/trsa_lab1/lib/trsa_lab1
[1.153s] Installing camera_driver script to /home/davidter/ros2_ws/install/trsa_lab1/lib/trsa_lab1
[1.153s] Installing image_reader script to /home/davidter/ros2_ws/install/trsa_lab1/lib/trsa_lab1
[1.154s] writing list of installed files to '/home/davidter/ros2_ws/build/trsa_lab1/install.log'
[1.174s] Invoked command in '/home/davidter/ros2_ws/src/trsa_lab1' returned '0': PYTHONPATH=/home/davidter/ros2_ws/build/trsa_lab1/prefix_override:/usr/lib/python3/dist-packages/colcon_core/task/python/colcon_distutils_commands:/home/davidter/ros2_ws/install/trsa_lab1/lib/python3.10/site-packages:${PYTHONPATH} /usr/bin/python3 -W ignore:setup.py install is deprecated -W ignore:easy_install command is deprecated setup.py egg_info --egg-base ../../build/trsa_lab1 build --build-base /home/davidter/ros2_ws/build/trsa_lab1/build install --record /home/davidter/ros2_ws/build/trsa_lab1/install.log --single-version-externally-managed install_data --force
