[0.442s] Invoking command in '/home/davidter/ros2_ws/src/trsa_lab1': PYTHONPATH=/home/davidter/ros2_ws/build/trsa_lab1/prefix_override:/usr/lib/python3/dist-packages/colcon_core/task/python/colcon_distutils_commands:/home/davidter/ros2_ws/install/trsa_lab1/lib/python3.10/site-packages:${PYTHONPATH} /usr/bin/python3 -W ignore:setup.py install is deprecated -W ignore:easy_install command is deprecated setup.py egg_info --egg-base ../../build/trsa_lab1 build --build-base /home/davidter/ros2_ws/build/trsa_lab1/build install --record /home/davidter/ros2_ws/build/trsa_lab1/install.log --single-version-externally-managed install_data
[0.595s] running egg_info
[0.596s] writing ../../build/trsa_lab1/trsa_lab1.egg-info/PKG-INFO
[0.597s] writing dependency_links to ../../build/trsa_lab1/trsa_lab1.egg-info/dependency_links.txt
[0.597s] writing entry points to ../../build/trsa_lab1/trsa_lab1.egg-info/entry_points.txt
[0.597s] writing requirements to ../../build/trsa_lab1/trsa_lab1.egg-info/requires.txt
[0.597s] writing top-level names to ../../build/trsa_lab1/trsa_lab1.egg-info/top_level.txt
[0.600s] reading manifest file '../../build/trsa_lab1/trsa_lab1.egg-info/SOURCES.txt'
[0.603s] writing manifest file '../../build/trsa_lab1/trsa_lab1.egg-info/SOURCES.txt'
[0.603s] running build
[0.603s] running build_py
[0.603s] copying trsa_lab1/camera_driver.py -> /home/davidter/ros2_ws/build/trsa_lab1/build/lib/trsa_lab1
[0.604s] running install
[0.604s] running install_lib
[0.604s] copying /home/davidter/ros2_ws/build/trsa_lab1/build/lib/trsa_lab1/camera_driver.py -> /home/davidter/ros2_ws/install/trsa_lab1/lib/python3.10/site-packages/trsa_lab1
[0.605s] byte-compiling /home/davidter/ros2_ws/install/trsa_lab1/lib/python3.10/site-packages/trsa_lab1/camera_driver.py to camera_driver.cpython-310.pyc
[0.606s] running install_data
[0.610s] running install_egg_info
[0.611s] removing '/home/davidter/ros2_ws/install/trsa_lab1/lib/python3.10/site-packages/trsa_lab1-0.0.0-py3.10.egg-info' (and everything under it)
[0.611s] Copying ../../build/trsa_lab1/trsa_lab1.egg-info to /home/davidter/ros2_ws/install/trsa_lab1/lib/python3.10/site-packages/trsa_lab1-0.0.0-py3.10.egg-info
[0.612s] running install_scripts
[0.627s] Installing camera_calibration_pub script to /home/davidter/ros2_ws/install/trsa_lab1/lib/trsa_lab1
[0.627s] Installing camera_driver script to /home/davidter/ros2_ws/install/trsa_lab1/lib/trsa_lab1
[0.627s] Installing image_convert script to /home/davidter/ros2_ws/install/trsa_lab1/lib/trsa_lab1
[0.627s] Installing image_reader script to /home/davidter/ros2_ws/install/trsa_lab1/lib/trsa_lab1
[0.627s] Installing image_rectifier script to /home/davidter/ros2_ws/install/trsa_lab1/lib/trsa_lab1
[0.628s] Installing object_detection script to /home/davidter/ros2_ws/install/trsa_lab1/lib/trsa_lab1
[0.628s] writing list of installed files to '/home/davidter/ros2_ws/build/trsa_lab1/install.log'
[0.646s] Invoked command in '/home/davidter/ros2_ws/src/trsa_lab1' returned '0': PYTHONPATH=/home/davidter/ros2_ws/build/trsa_lab1/prefix_override:/usr/lib/python3/dist-packages/colcon_core/task/python/colcon_distutils_commands:/home/davidter/ros2_ws/install/trsa_lab1/lib/python3.10/site-packages:${PYTHONPATH} /usr/bin/python3 -W ignore:setup.py install is deprecated -W ignore:easy_install command is deprecated setup.py egg_info --egg-base ../../build/trsa_lab1 build --build-base /home/davidter/ros2_ws/build/trsa_lab1/build install --record /home/davidter/ros2_ws/build/trsa_lab1/install.log --single-version-externally-managed install_data
