[0.822s] Invoking command in '/home/davidter/ros2_ws/src/trsa_lab1': PYTHONPATH=/home/davidter/ros2_ws/build/trsa_lab1/prefix_override:/usr/lib/python3/dist-packages/colcon_core/task/python/colcon_distutils_commands:/home/davidter/ros2_ws/install/trsa_lab1/lib/python3.10/site-packages:${PYTHONPATH} /usr/bin/python3 -W ignore:setup.py install is deprecated -W ignore:easy_install command is deprecated setup.py egg_info --egg-base ../../build/trsa_lab1 build --build-base /home/davidter/ros2_ws/build/trsa_lab1/build install --record /home/davidter/ros2_ws/build/trsa_lab1/install.log --single-version-externally-managed install_data
[1.109s] running egg_info
[1.110s] writing ../../build/trsa_lab1/trsa_lab1.egg-info/PKG-INFO
[1.110s] writing dependency_links to ../../build/trsa_lab1/trsa_lab1.egg-info/dependency_links.txt
[1.110s] writing entry points to ../../build/trsa_lab1/trsa_lab1.egg-info/entry_points.txt
[1.111s] writing requirements to ../../build/trsa_lab1/trsa_lab1.egg-info/requires.txt
[1.111s] writing top-level names to ../../build/trsa_lab1/trsa_lab1.egg-info/top_level.txt
[1.115s] reading manifest file '../../build/trsa_lab1/trsa_lab1.egg-info/SOURCES.txt'
[1.121s] writing manifest file '../../build/trsa_lab1/trsa_lab1.egg-info/SOURCES.txt'
[1.121s] running build
[1.121s] running build_py
[1.122s] copying trsa_lab1/object_detection.py -> /home/davidter/ros2_ws/build/trsa_lab1/build/lib/trsa_lab1
[1.122s] copying trsa_lab1/image_convert.py -> /home/davidter/ros2_ws/build/trsa_lab1/build/lib/trsa_lab1
[1.123s] running install
[1.123s] running install_lib
[1.124s] copying /home/davidter/ros2_ws/build/trsa_lab1/build/lib/trsa_lab1/object_detection.py -> /home/davidter/ros2_ws/install/trsa_lab1/lib/python3.10/site-packages/trsa_lab1
[1.125s] copying /home/davidter/ros2_ws/build/trsa_lab1/build/lib/trsa_lab1/image_convert.py -> /home/davidter/ros2_ws/install/trsa_lab1/lib/python3.10/site-packages/trsa_lab1
[1.126s] byte-compiling /home/davidter/ros2_ws/install/trsa_lab1/lib/python3.10/site-packages/trsa_lab1/object_detection.py to object_detection.cpython-310.pyc
[1.127s] byte-compiling /home/davidter/ros2_ws/install/trsa_lab1/lib/python3.10/site-packages/trsa_lab1/image_convert.py to image_convert.cpython-310.pyc
[1.128s] running install_data
[1.135s] running install_egg_info
[1.137s] removing '/home/davidter/ros2_ws/install/trsa_lab1/lib/python3.10/site-packages/trsa_lab1-0.0.0-py3.10.egg-info' (and everything under it)
[1.137s] Copying ../../build/trsa_lab1/trsa_lab1.egg-info to /home/davidter/ros2_ws/install/trsa_lab1/lib/python3.10/site-packages/trsa_lab1-0.0.0-py3.10.egg-info
[1.139s] running install_scripts
[1.164s] Installing camera_calibration_pub script to /home/davidter/ros2_ws/install/trsa_lab1/lib/trsa_lab1
[1.164s] Installing camera_driver script to /home/davidter/ros2_ws/install/trsa_lab1/lib/trsa_lab1
[1.164s] Installing image_convert script to /home/davidter/ros2_ws/install/trsa_lab1/lib/trsa_lab1
[1.165s] Installing image_reader script to /home/davidter/ros2_ws/install/trsa_lab1/lib/trsa_lab1
[1.165s] Installing image_rectifier script to /home/davidter/ros2_ws/install/trsa_lab1/lib/trsa_lab1
[1.165s] Installing object_detection script to /home/davidter/ros2_ws/install/trsa_lab1/lib/trsa_lab1
[1.166s] writing list of installed files to '/home/davidter/ros2_ws/build/trsa_lab1/install.log'
[1.196s] Invoked command in '/home/davidter/ros2_ws/src/trsa_lab1' returned '0': PYTHONPATH=/home/davidter/ros2_ws/build/trsa_lab1/prefix_override:/usr/lib/python3/dist-packages/colcon_core/task/python/colcon_distutils_commands:/home/davidter/ros2_ws/install/trsa_lab1/lib/python3.10/site-packages:${PYTHONPATH} /usr/bin/python3 -W ignore:setup.py install is deprecated -W ignore:easy_install command is deprecated setup.py egg_info --egg-base ../../build/trsa_lab1 build --build-base /home/davidter/ros2_ws/build/trsa_lab1/build install --record /home/davidter/ros2_ws/build/trsa_lab1/install.log --single-version-externally-managed install_data
