[1.028s] Invoking command in '/home/davidter/ros2_ws/src/trsa_lab1': PYTHONPATH=/home/davidter/ros2_ws/src/build/trsa_lab1/prefix_override:/usr/lib/python3/dist-packages/colcon_core/task/python/colcon_distutils_commands:/home/davidter/ros2_ws/src/install/trsa_lab1/lib/python3.10/site-packages:${PYTHONPATH} /usr/bin/python3 -W ignore:setup.py install is deprecated -W ignore:easy_install command is deprecated setup.py egg_info --egg-base ../build/trsa_lab1 build --build-base /home/davidter/ros2_ws/src/build/trsa_lab1/build install --record /home/davidter/ros2_ws/src/build/trsa_lab1/install.log --single-version-externally-managed install_data
[1.253s] running egg_info
[1.254s] writing ../build/trsa_lab1/trsa_lab1.egg-info/PKG-INFO
[1.261s] writing dependency_links to ../build/trsa_lab1/trsa_lab1.egg-info/dependency_links.txt
[1.262s] writing entry points to ../build/trsa_lab1/trsa_lab1.egg-info/entry_points.txt
[1.262s] writing requirements to ../build/trsa_lab1/trsa_lab1.egg-info/requires.txt
[1.263s] writing top-level names to ../build/trsa_lab1/trsa_lab1.egg-info/top_level.txt
[1.266s] reading manifest file '../build/trsa_lab1/trsa_lab1.egg-info/SOURCES.txt'
[1.272s] writing manifest file '../build/trsa_lab1/trsa_lab1.egg-info/SOURCES.txt'
[1.273s] running build
[1.273s] running build_py
[1.273s] running install
[1.273s] running install_lib
[1.274s] running install_data
[1.279s] copying launch/lab1.launch.py -> /home/davidter/ros2_ws/src/install/trsa_lab1/share/trsa_lab1
[1.280s] running install_egg_info
[1.282s] removing '/home/davidter/ros2_ws/src/install/trsa_lab1/lib/python3.10/site-packages/trsa_lab1-0.0.0-py3.10.egg-info' (and everything under it)
[1.283s] Copying ../build/trsa_lab1/trsa_lab1.egg-info to /home/davidter/ros2_ws/src/install/trsa_lab1/lib/python3.10/site-packages/trsa_lab1-0.0.0-py3.10.egg-info
[1.286s] running install_scripts
[1.304s] Installing camera_calibration_pub script to /home/davidter/ros2_ws/src/install/trsa_lab1/lib/trsa_lab1
[1.304s] Installing camera_driver script to /home/davidter/ros2_ws/src/install/trsa_lab1/lib/trsa_lab1
[1.304s] Installing image_reader script to /home/davidter/ros2_ws/src/install/trsa_lab1/lib/trsa_lab1
[1.305s] writing list of installed files to '/home/davidter/ros2_ws/src/build/trsa_lab1/install.log'
[1.325s] Invoked command in '/home/davidter/ros2_ws/src/trsa_lab1' returned '0': PYTHONPATH=/home/davidter/ros2_ws/src/build/trsa_lab1/prefix_override:/usr/lib/python3/dist-packages/colcon_core/task/python/colcon_distutils_commands:/home/davidter/ros2_ws/src/install/trsa_lab1/lib/python3.10/site-packages:${PYTHONPATH} /usr/bin/python3 -W ignore:setup.py install is deprecated -W ignore:easy_install command is deprecated setup.py egg_info --egg-base ../build/trsa_lab1 build --build-base /home/davidter/ros2_ws/src/build/trsa_lab1/build install --record /home/davidter/ros2_ws/src/build/trsa_lab1/install.log --single-version-externally-managed install_data
