[1.062s] Invoking command in '/home/davidter/ros2_ws/src/trsa_lab1': PYTHONPATH=/home/davidter/ros2_ws/src/build/trsa_lab1/prefix_override:/usr/lib/python3/dist-packages/colcon_core/task/python/colcon_distutils_commands:/home/davidter/ros2_ws/src/install/trsa_lab1/lib/python3.10/site-packages:${PYTHONPATH} /usr/bin/python3 -W ignore:setup.py install is deprecated -W ignore:easy_install command is deprecated setup.py egg_info --egg-base ../build/trsa_lab1 build --build-base /home/davidter/ros2_ws/src/build/trsa_lab1/build install --record /home/davidter/ros2_ws/src/build/trsa_lab1/install.log --single-version-externally-managed install_data
[1.307s] running egg_info
[1.308s] writing ../build/trsa_lab1/trsa_lab1.egg-info/PKG-INFO
[1.318s] writing dependency_links to ../build/trsa_lab1/trsa_lab1.egg-info/dependency_links.txt
[1.318s] writing entry points to ../build/trsa_lab1/trsa_lab1.egg-info/entry_points.txt
[1.319s] writing requirements to ../build/trsa_lab1/trsa_lab1.egg-info/requires.txt
[1.319s] writing top-level names to ../build/trsa_lab1/trsa_lab1.egg-info/top_level.txt
[1.323s] reading manifest file '../build/trsa_lab1/trsa_lab1.egg-info/SOURCES.txt'
[1.328s] writing manifest file '../build/trsa_lab1/trsa_lab1.egg-info/SOURCES.txt'
[1.328s] running build
[1.329s] running build_py
[1.329s] copying trsa_lab1/image_rectifier.py -> /home/davidter/ros2_ws/src/build/trsa_lab1/build/lib/trsa_lab1
[1.330s] copying trsa_lab1/image_reader.py -> /home/davidter/ros2_ws/src/build/trsa_lab1/build/lib/trsa_lab1
[1.330s] copying trsa_lab1/image_reader_rectified.py -> /home/davidter/ros2_ws/src/build/trsa_lab1/build/lib/trsa_lab1
[1.331s] running install
[1.331s] running install_lib
[1.332s] copying /home/davidter/ros2_ws/src/build/trsa_lab1/build/lib/trsa_lab1/image_rectifier.py -> /home/davidter/ros2_ws/src/install/trsa_lab1/lib/python3.10/site-packages/trsa_lab1
[1.332s] copying /home/davidter/ros2_ws/src/build/trsa_lab1/build/lib/trsa_lab1/image_reader.py -> /home/davidter/ros2_ws/src/install/trsa_lab1/lib/python3.10/site-packages/trsa_lab1
[1.333s] copying /home/davidter/ros2_ws/src/build/trsa_lab1/build/lib/trsa_lab1/image_reader_rectified.py -> /home/davidter/ros2_ws/src/install/trsa_lab1/lib/python3.10/site-packages/trsa_lab1
[1.333s] byte-compiling /home/davidter/ros2_ws/src/install/trsa_lab1/lib/python3.10/site-packages/trsa_lab1/image_rectifier.py to image_rectifier.cpython-310.pyc
[1.335s] byte-compiling /home/davidter/ros2_ws/src/install/trsa_lab1/lib/python3.10/site-packages/trsa_lab1/image_reader.py to image_reader.cpython-310.pyc
[1.335s] byte-compiling /home/davidter/ros2_ws/src/install/trsa_lab1/lib/python3.10/site-packages/trsa_lab1/image_reader_rectified.py to image_reader_rectified.cpython-310.pyc
[1.336s] running install_data
[1.342s] copying launch/lab1.launch.py -> /home/davidter/ros2_ws/src/install/trsa_lab1/share/trsa_lab1
[1.343s] copying calibration/ost.yaml -> /home/davidter/ros2_ws/src/install/trsa_lab1/share/trsa_lab1
[1.344s] running install_egg_info
[1.347s] removing '/home/davidter/ros2_ws/src/install/trsa_lab1/lib/python3.10/site-packages/trsa_lab1-0.0.0-py3.10.egg-info' (and everything under it)
[1.348s] Copying ../build/trsa_lab1/trsa_lab1.egg-info to /home/davidter/ros2_ws/src/install/trsa_lab1/lib/python3.10/site-packages/trsa_lab1-0.0.0-py3.10.egg-info
[1.350s] running install_scripts
[1.376s] Installing camera_calibration_pub script to /home/davidter/ros2_ws/src/install/trsa_lab1/lib/trsa_lab1
[1.377s] Installing camera_driver script to /home/davidter/ros2_ws/src/install/trsa_lab1/lib/trsa_lab1
[1.377s] Installing image_reader script to /home/davidter/ros2_ws/src/install/trsa_lab1/lib/trsa_lab1
[1.378s] writing list of installed files to '/home/davidter/ros2_ws/src/build/trsa_lab1/install.log'
[1.402s] Invoked command in '/home/davidter/ros2_ws/src/trsa_lab1' returned '0': PYTHONPATH=/home/davidter/ros2_ws/src/build/trsa_lab1/prefix_override:/usr/lib/python3/dist-packages/colcon_core/task/python/colcon_distutils_commands:/home/davidter/ros2_ws/src/install/trsa_lab1/lib/python3.10/site-packages:${PYTHONPATH} /usr/bin/python3 -W ignore:setup.py install is deprecated -W ignore:easy_install command is deprecated setup.py egg_info --egg-base ../build/trsa_lab1 build --build-base /home/davidter/ros2_ws/src/build/trsa_lab1/build install --record /home/davidter/ros2_ws/src/build/trsa_lab1/install.log --single-version-externally-managed install_data
