running egg_info
writing ../../build/trsa_lab1/trsa_lab1.egg-info/PKG-INFO
writing dependency_links to ../../build/trsa_lab1/trsa_lab1.egg-info/dependency_links.txt
writing entry points to ../../build/trsa_lab1/trsa_lab1.egg-info/entry_points.txt
writing requirements to ../../build/trsa_lab1/trsa_lab1.egg-info/requires.txt
writing top-level names to ../../build/trsa_lab1/trsa_lab1.egg-info/top_level.txt
reading manifest file '../../build/trsa_lab1/trsa_lab1.egg-info/SOURCES.txt'
writing manifest file '../../build/trsa_lab1/trsa_lab1.egg-info/SOURCES.txt'
running build
running build_py
copying trsa_lab1/image_reader.py -> /home/davidter/ros2_ws/build/trsa_lab1/build/lib/trsa_lab1
running install
running install_lib
copying /home/davidter/ros2_ws/build/trsa_lab1/build/lib/trsa_lab1/image_reader.py -> /home/davidter/ros2_ws/install/trsa_lab1/lib/python3.10/site-packages/trsa_lab1
byte-compiling /home/davidter/ros2_ws/install/trsa_lab1/lib/python3.10/site-packages/trsa_lab1/image_reader.py to image_reader.cpython-310.pyc
running install_data
running install_egg_info
removing '/home/davidter/ros2_ws/install/trsa_lab1/lib/python3.10/site-packages/trsa_lab1-0.0.0-py3.10.egg-info' (and everything under it)
Copying ../../build/trsa_lab1/trsa_lab1.egg-info to /home/davidter/ros2_ws/install/trsa_lab1/lib/python3.10/site-packages/trsa_lab1-0.0.0-py3.10.egg-info
running install_scripts
Installing camera_calibration_pub script to /home/davidter/ros2_ws/install/trsa_lab1/lib/trsa_lab1
Installing camera_driver script to /home/davidter/ros2_ws/install/trsa_lab1/lib/trsa_lab1
Installing image_reader script to /home/davidter/ros2_ws/install/trsa_lab1/lib/trsa_lab1
writing list of installed files to '/home/davidter/ros2_ws/build/trsa_lab1/install.log'
