[0.809s] Invoking command in '/home/davidter/ros2_ws/src/trsa_lab1': PYTHONPATH=/home/davidter/ros2_ws/src/build/trsa_lab1/prefix_override:/usr/lib/python3/dist-packages/colcon_core/task/python/colcon_distutils_commands:/home/davidter/ros2_ws/src/install/trsa_lab1/lib/python3.10/site-packages:${PYTHONPATH} /usr/bin/python3 -W ignore:setup.py install is deprecated -W ignore:easy_install command is deprecated setup.py egg_info --egg-base ../build/trsa_lab1 build --build-base /home/davidter/ros2_ws/src/build/trsa_lab1/build install --record /home/davidter/ros2_ws/src/build/trsa_lab1/install.log --single-version-externally-managed install_data
[1.057s] running egg_info
[1.057s] writing ../build/trsa_lab1/trsa_lab1.egg-info/PKG-INFO
[1.067s] writing dependency_links to ../build/trsa_lab1/trsa_lab1.egg-info/dependency_links.txt
[1.067s] writing entry points to ../build/trsa_lab1/trsa_lab1.egg-info/entry_points.txt
[1.067s] writing requirements to ../build/trsa_lab1/trsa_lab1.egg-info/requires.txt
[1.067s] writing top-level names to ../build/trsa_lab1/trsa_lab1.egg-info/top_level.txt
[1.070s] reading manifest file '../build/trsa_lab1/trsa_lab1.egg-info/SOURCES.txt'
[1.074s] writing manifest file '../build/trsa_lab1/trsa_lab1.egg-info/SOURCES.txt'
[1.074s] running build
[1.075s] running build_py
[1.075s] running install
[1.075s] running install_lib
[1.077s] running install_data
[1.084s] running install_egg_info
[1.086s] removing '/home/davidter/ros2_ws/src/install/trsa_lab1/lib/python3.10/site-packages/trsa_lab1-0.0.0-py3.10.egg-info' (and everything under it)
[1.086s] Copying ../build/trsa_lab1/trsa_lab1.egg-info to /home/davidter/ros2_ws/src/install/trsa_lab1/lib/python3.10/site-packages/trsa_lab1-0.0.0-py3.10.egg-info
[1.089s] running install_scripts
[1.109s] Installing camera_calibration_pub script to /home/davidter/ros2_ws/src/install/trsa_lab1/lib/trsa_lab1
[1.109s] Installing camera_driver script to /home/davidter/ros2_ws/src/install/trsa_lab1/lib/trsa_lab1
[1.109s] Installing image_reader script to /home/davidter/ros2_ws/src/install/trsa_lab1/lib/trsa_lab1
[1.109s] Installing image_reader_rectified script to /home/davidter/ros2_ws/src/install/trsa_lab1/lib/trsa_lab1
[1.109s] Installing image_rectifier script to /home/davidter/ros2_ws/src/install/trsa_lab1/lib/trsa_lab1
[1.110s] writing list of installed files to '/home/davidter/ros2_ws/src/build/trsa_lab1/install.log'
[1.133s] Invoked command in '/home/davidter/ros2_ws/src/trsa_lab1' returned '0': PYTHONPATH=/home/davidter/ros2_ws/src/build/trsa_lab1/prefix_override:/usr/lib/python3/dist-packages/colcon_core/task/python/colcon_distutils_commands:/home/davidter/ros2_ws/src/install/trsa_lab1/lib/python3.10/site-packages:${PYTHONPATH} /usr/bin/python3 -W ignore:setup.py install is deprecated -W ignore:easy_install command is deprecated setup.py egg_info --egg-base ../build/trsa_lab1 build --build-base /home/davidter/ros2_ws/src/build/trsa_lab1/build install --record /home/davidter/ros2_ws/src/build/trsa_lab1/install.log --single-version-externally-managed install_data
