[0.751s] Invoking command in '/home/davidter/ros2_ws/src/trsa_lab1': PYTHONPATH=/home/davidter/ros2_ws/build/trsa_lab1/prefix_override:/usr/lib/python3/dist-packages/colcon_core/task/python/colcon_distutils_commands:/home/davidter/ros2_ws/install/trsa_lab1/lib/python3.10/site-packages:${PYTHONPATH} /usr/bin/python3 -W ignore:setup.py install is deprecated -W ignore:easy_install command is deprecated setup.py egg_info --egg-base ../../build/trsa_lab1 build --build-base /home/davidter/ros2_ws/build/trsa_lab1/build install --record /home/davidter/ros2_ws/build/trsa_lab1/install.log --single-version-externally-managed install_data
[0.951s] running egg_info
[0.961s] writing ../../build/trsa_lab1/trsa_lab1.egg-info/PKG-INFO
[0.961s] writing dependency_links to ../../build/trsa_lab1/trsa_lab1.egg-info/dependency_links.txt
[0.961s] writing entry points to ../../build/trsa_lab1/trsa_lab1.egg-info/entry_points.txt
[0.962s] writing requirements to ../../build/trsa_lab1/trsa_lab1.egg-info/requires.txt
[0.962s] writing top-level names to ../../build/trsa_lab1/trsa_lab1.egg-info/top_level.txt
[0.966s] reading manifest file '../../build/trsa_lab1/trsa_lab1.egg-info/SOURCES.txt'
[0.971s] writing manifest file '../../build/trsa_lab1/trsa_lab1.egg-info/SOURCES.txt'
[0.972s] running build
[0.973s] running build_py
[0.973s] copying trsa_lab1/object_detection.py -> /home/davidter/ros2_ws/build/trsa_lab1/build/lib/trsa_lab1
[0.974s] running install
[0.974s] running install_lib
[0.975s] copying /home/davidter/ros2_ws/build/trsa_lab1/build/lib/trsa_lab1/object_detection.py -> /home/davidter/ros2_ws/install/trsa_lab1/lib/python3.10/site-packages/trsa_lab1
[0.976s] byte-compiling /home/davidter/ros2_ws/install/trsa_lab1/lib/python3.10/site-packages/trsa_lab1/object_detection.py to object_detection.cpython-310.pyc
[0.978s] running install_data
[0.983s] running install_egg_info
[0.985s] removing '/home/davidter/ros2_ws/install/trsa_lab1/lib/python3.10/site-packages/trsa_lab1-0.0.0-py3.10.egg-info' (and everything under it)
[0.986s] Copying ../../build/trsa_lab1/trsa_lab1.egg-info to /home/davidter/ros2_ws/install/trsa_lab1/lib/python3.10/site-packages/trsa_lab1-0.0.0-py3.10.egg-info
[0.988s] running install_scripts
[1.009s] Installing camera_calibration_pub script to /home/davidter/ros2_ws/install/trsa_lab1/lib/trsa_lab1
[1.010s] Installing camera_driver script to /home/davidter/ros2_ws/install/trsa_lab1/lib/trsa_lab1
[1.010s] Installing image_convert script to /home/davidter/ros2_ws/install/trsa_lab1/lib/trsa_lab1
[1.010s] Installing image_reader script to /home/davidter/ros2_ws/install/trsa_lab1/lib/trsa_lab1
[1.010s] Installing image_rectifier script to /home/davidter/ros2_ws/install/trsa_lab1/lib/trsa_lab1
[1.010s] Installing object_detection script to /home/davidter/ros2_ws/install/trsa_lab1/lib/trsa_lab1
[1.011s] writing list of installed files to '/home/davidter/ros2_ws/build/trsa_lab1/install.log'
[1.036s] Invoked command in '/home/davidter/ros2_ws/src/trsa_lab1' returned '0': PYTHONPATH=/home/davidter/ros2_ws/build/trsa_lab1/prefix_override:/usr/lib/python3/dist-packages/colcon_core/task/python/colcon_distutils_commands:/home/davidter/ros2_ws/install/trsa_lab1/lib/python3.10/site-packages:${PYTHONPATH} /usr/bin/python3 -W ignore:setup.py install is deprecated -W ignore:easy_install command is deprecated setup.py egg_info --egg-base ../../build/trsa_lab1 build --build-base /home/davidter/ros2_ws/build/trsa_lab1/build install --record /home/davidter/ros2_ws/build/trsa_lab1/install.log --single-version-externally-managed install_data
