[0.743s] Invoking command in '/home/davidter/ros2_ws/src/trsa_lab1': PYTHONPATH=/home/davidter/ros2_ws/build/trsa_lab1/prefix_override:/usr/lib/python3/dist-packages/colcon_core/task/python/colcon_distutils_commands:/home/davidter/ros2_ws/install/trsa_lab1/lib/python3.10/site-packages:${PYTHONPATH} /usr/bin/python3 -W ignore:setup.py install is deprecated -W ignore:easy_install command is deprecated setup.py egg_info --egg-base ../../build/trsa_lab1 build --build-base /home/davidter/ros2_ws/build/trsa_lab1/build install --record /home/davidter/ros2_ws/build/trsa_lab1/install.log --single-version-externally-managed install_data
[0.960s] running egg_info
[0.960s] writing ../../build/trsa_lab1/trsa_lab1.egg-info/PKG-INFO
[0.960s] writing dependency_links to ../../build/trsa_lab1/trsa_lab1.egg-info/dependency_links.txt
[0.961s] writing entry points to ../../build/trsa_lab1/trsa_lab1.egg-info/entry_points.txt
[0.961s] writing requirements to ../../build/trsa_lab1/trsa_lab1.egg-info/requires.txt
[0.961s] writing top-level names to ../../build/trsa_lab1/trsa_lab1.egg-info/top_level.txt
[0.965s] reading manifest file '../../build/trsa_lab1/trsa_lab1.egg-info/SOURCES.txt'
[0.970s] writing manifest file '../../build/trsa_lab1/trsa_lab1.egg-info/SOURCES.txt'
[0.970s] running build
[0.971s] running build_py
[0.971s] copying trsa_lab1/image_reader.py -> /home/davidter/ros2_ws/build/trsa_lab1/build/lib/trsa_lab1
[0.972s] running install
[0.973s] running install_lib
[0.974s] copying /home/davidter/ros2_ws/build/trsa_lab1/build/lib/trsa_lab1/image_reader.py -> /home/davidter/ros2_ws/install/trsa_lab1/lib/python3.10/site-packages/trsa_lab1
[0.975s] byte-compiling /home/davidter/ros2_ws/install/trsa_lab1/lib/python3.10/site-packages/trsa_lab1/image_reader.py to image_reader.cpython-310.pyc
[0.975s] running install_data
[0.981s] running install_egg_info
[0.983s] removing '/home/davidter/ros2_ws/install/trsa_lab1/lib/python3.10/site-packages/trsa_lab1-0.0.0-py3.10.egg-info' (and everything under it)
[0.983s] Copying ../../build/trsa_lab1/trsa_lab1.egg-info to /home/davidter/ros2_ws/install/trsa_lab1/lib/python3.10/site-packages/trsa_lab1-0.0.0-py3.10.egg-info
[0.984s] running install_scripts
[1.003s] Installing camera_calibration_pub script to /home/davidter/ros2_ws/install/trsa_lab1/lib/trsa_lab1
[1.003s] Installing camera_driver script to /home/davidter/ros2_ws/install/trsa_lab1/lib/trsa_lab1
[1.003s] Installing image_convert script to /home/davidter/ros2_ws/install/trsa_lab1/lib/trsa_lab1
[1.004s] Installing image_reader script to /home/davidter/ros2_ws/install/trsa_lab1/lib/trsa_lab1
[1.004s] Installing image_rectifier script to /home/davidter/ros2_ws/install/trsa_lab1/lib/trsa_lab1
[1.005s] writing list of installed files to '/home/davidter/ros2_ws/build/trsa_lab1/install.log'
[1.036s] Invoked command in '/home/davidter/ros2_ws/src/trsa_lab1' returned '0': PYTHONPATH=/home/davidter/ros2_ws/build/trsa_lab1/prefix_override:/usr/lib/python3/dist-packages/colcon_core/task/python/colcon_distutils_commands:/home/davidter/ros2_ws/install/trsa_lab1/lib/python3.10/site-packages:${PYTHONPATH} /usr/bin/python3 -W ignore:setup.py install is deprecated -W ignore:easy_install command is deprecated setup.py egg_info --egg-base ../../build/trsa_lab1 build --build-base /home/davidter/ros2_ws/build/trsa_lab1/build install --record /home/davidter/ros2_ws/build/trsa_lab1/install.log --single-version-externally-managed install_data
