[0.678s] DEBUG:colcon:Command line arguments: ['/usr/bin/colcon', 'build']
[0.678s] DEBUG:colcon:Parsed command line arguments: Namespace(log_base=None, log_level=None, verb_name='build', build_base='build', install_base='install', merge_install=False, symlink_install=False, test_result_base=None, continue_on_error=False, executor='parallel', parallel_workers=16, event_handlers=None, ignore_user_meta=False, metas=['./colcon.meta'], base_paths=['.'], packages_ignore=None, packages_ignore_regex=None, paths=None, packages_up_to=None, packages_up_to_regex=None, packages_above=None, packages_above_and_dependencies=None, packages_above_depth=None, packages_select_by_dep=None, packages_skip_by_dep=None, packages_skip_up_to=None, packages_select_build_failed=False, packages_skip_build_finished=False, packages_select_test_failures=False, packages_skip_test_passed=False, packages_select=None, packages_skip=None, packages_select_regex=None, packages_skip_regex=None, packages_start=None, packages_end=None, allow_overriding=[], cmake_args=None, cmake_target=None, cmake_target_skip_unavailable=False, cmake_clean_cache=False, cmake_clean_first=False, cmake_force_configure=False, ament_cmake_args=None, catkin_cmake_args=None, catkin_skip_building_tests=False, mixin_files=None, mixin=None, verb_parser=<colcon_mixin.mixin.mixin_argument.MixinArgumentDecorator object at 0x7fc246179390>, verb_extension=<colcon_core.verb.build.BuildVerb object at 0x7fc246178ee0>, main=<bound method BuildVerb.main of <colcon_core.verb.build.BuildVerb object at 0x7fc246178ee0>>, mixin_verb=('build',))
[1.114s] Level 1:colcon.colcon_core.package_discovery:discover_packages(colcon_meta) check parameters
[1.114s] Level 1:colcon.colcon_core.package_discovery:discover_packages(recursive) check parameters
[1.115s] Level 1:colcon.colcon_core.package_discovery:discover_packages(ignore) check parameters
[1.115s] Level 1:colcon.colcon_core.package_discovery:discover_packages(path) check parameters
[1.115s] Level 1:colcon.colcon_core.package_discovery:discover_packages(colcon_meta) discover
[1.115s] Level 1:colcon.colcon_core.package_discovery:discover_packages(recursive) discover
[1.115s] INFO:colcon.colcon_core.package_discovery:Crawling recursively for packages in '/home/davidter/ros2_ws'
[1.115s] Level 1:colcon.colcon_core.package_identification:_identify(.) by extensions ['ignore', 'ignore_ament_install']
[1.115s] Level 1:colcon.colcon_core.package_identification:_identify(.) by extension 'ignore'
[1.116s] Level 1:colcon.colcon_core.package_identification:_identify(.) by extension 'ignore_ament_install'
[1.116s] Level 1:colcon.colcon_core.package_identification:_identify(.) by extensions ['colcon_pkg']
[1.116s] Level 1:colcon.colcon_core.package_identification:_identify(.) by extension 'colcon_pkg'
[1.116s] Level 1:colcon.colcon_core.package_identification:_identify(.) by extensions ['colcon_meta']
[1.116s] Level 1:colcon.colcon_core.package_identification:_identify(.) by extension 'colcon_meta'
[1.116s] Level 1:colcon.colcon_core.package_identification:_identify(.) by extensions ['ros']
[1.116s] Level 1:colcon.colcon_core.package_identification:_identify(.) by extension 'ros'
[1.141s] Level 1:colcon.colcon_core.package_identification:_identify(.) by extensions ['cmake', 'python']
[1.141s] Level 1:colcon.colcon_core.package_identification:_identify(.) by extension 'cmake'
[1.142s] Level 1:colcon.colcon_core.package_identification:_identify(.) by extension 'python'
[1.142s] Level 1:colcon.colcon_core.package_identification:_identify(.) by extensions ['python_setup_py']
[1.142s] Level 1:colcon.colcon_core.package_identification:_identify(.) by extension 'python_setup_py'
[1.142s] Level 1:colcon.colcon_core.package_identification:_identify(build) by extensions ['ignore', 'ignore_ament_install']
[1.142s] Level 1:colcon.colcon_core.package_identification:_identify(build) by extension 'ignore'
[1.142s] Level 1:colcon.colcon_core.package_identification:_identify(build) ignored
[1.142s] Level 1:colcon.colcon_core.package_identification:_identify(install) by extensions ['ignore', 'ignore_ament_install']
[1.143s] Level 1:colcon.colcon_core.package_identification:_identify(install) by extension 'ignore'
[1.143s] Level 1:colcon.colcon_core.package_identification:_identify(install) ignored
[1.144s] Level 1:colcon.colcon_core.package_identification:_identify(log) by extensions ['ignore', 'ignore_ament_install']
[1.144s] Level 1:colcon.colcon_core.package_identification:_identify(log) by extension 'ignore'
[1.144s] Level 1:colcon.colcon_core.package_identification:_identify(log) ignored
[1.144s] Level 1:colcon.colcon_core.package_identification:_identify(src) by extensions ['ignore', 'ignore_ament_install']
[1.144s] Level 1:colcon.colcon_core.package_identification:_identify(src) by extension 'ignore'
[1.144s] Level 1:colcon.colcon_core.package_identification:_identify(src) by extension 'ignore_ament_install'
[1.144s] Level 1:colcon.colcon_core.package_identification:_identify(src) by extensions ['colcon_pkg']
[1.144s] Level 1:colcon.colcon_core.package_identification:_identify(src) by extension 'colcon_pkg'
[1.144s] Level 1:colcon.colcon_core.package_identification:_identify(src) by extensions ['colcon_meta']
[1.144s] Level 1:colcon.colcon_core.package_identification:_identify(src) by extension 'colcon_meta'
[1.145s] Level 1:colcon.colcon_core.package_identification:_identify(src) by extensions ['ros']
[1.145s] Level 1:colcon.colcon_core.package_identification:_identify(src) by extension 'ros'
[1.145s] Level 1:colcon.colcon_core.package_identification:_identify(src) by extensions ['cmake', 'python']
[1.145s] Level 1:colcon.colcon_core.package_identification:_identify(src) by extension 'cmake'
[1.145s] Level 1:colcon.colcon_core.package_identification:_identify(src) by extension 'python'
[1.145s] Level 1:colcon.colcon_core.package_identification:_identify(src) by extensions ['python_setup_py']
[1.145s] Level 1:colcon.colcon_core.package_identification:_identify(src) by extension 'python_setup_py'
[1.145s] Level 1:colcon.colcon_core.package_identification:_identify(src/build) by extensions ['ignore', 'ignore_ament_install']
[1.145s] Level 1:colcon.colcon_core.package_identification:_identify(src/build) by extension 'ignore'
[1.145s] Level 1:colcon.colcon_core.package_identification:_identify(src/build) ignored
[1.146s] Level 1:colcon.colcon_core.package_identification:_identify(src/install) by extensions ['ignore', 'ignore_ament_install']
[1.146s] Level 1:colcon.colcon_core.package_identification:_identify(src/install) by extension 'ignore'
[1.146s] Level 1:colcon.colcon_core.package_identification:_identify(src/install) ignored
[1.146s] Level 1:colcon.colcon_core.package_identification:_identify(src/log) by extensions ['ignore', 'ignore_ament_install']
[1.146s] Level 1:colcon.colcon_core.package_identification:_identify(src/log) by extension 'ignore'
[1.146s] Level 1:colcon.colcon_core.package_identification:_identify(src/log) ignored
[1.146s] Level 1:colcon.colcon_core.package_identification:_identify(src/trsa_lab1) by extensions ['ignore', 'ignore_ament_install']
[1.146s] Level 1:colcon.colcon_core.package_identification:_identify(src/trsa_lab1) by extension 'ignore'
[1.146s] Level 1:colcon.colcon_core.package_identification:_identify(src/trsa_lab1) by extension 'ignore_ament_install'
[1.146s] Level 1:colcon.colcon_core.package_identification:_identify(src/trsa_lab1) by extensions ['colcon_pkg']
[1.147s] Level 1:colcon.colcon_core.package_identification:_identify(src/trsa_lab1) by extension 'colcon_pkg'
[1.147s] Level 1:colcon.colcon_core.package_identification:_identify(src/trsa_lab1) by extensions ['colcon_meta']
[1.147s] Level 1:colcon.colcon_core.package_identification:_identify(src/trsa_lab1) by extension 'colcon_meta'
[1.147s] Level 1:colcon.colcon_core.package_identification:_identify(src/trsa_lab1) by extensions ['ros']
[1.147s] Level 1:colcon.colcon_core.package_identification:_identify(src/trsa_lab1) by extension 'ros'
[1.153s] DEBUG:colcon.colcon_core.package_identification:Package 'src/trsa_lab1' with type 'ros.ament_python' and name 'trsa_lab1'
[1.153s] Level 1:colcon.colcon_core.package_discovery:discover_packages(recursive) using defaults
[1.153s] Level 1:colcon.colcon_core.package_discovery:discover_packages(ignore) discover
[1.153s] Level 1:colcon.colcon_core.package_discovery:discover_packages(ignore) using defaults
[1.153s] Level 1:colcon.colcon_core.package_discovery:discover_packages(path) discover
[1.153s] Level 1:colcon.colcon_core.package_discovery:discover_packages(path) using defaults
[1.218s] Level 1:colcon.colcon_core.package_discovery:discover_packages(prefix_path) check parameters
[1.219s] Level 1:colcon.colcon_core.package_discovery:discover_packages(prefix_path) discover
[1.227s] DEBUG:colcon.colcon_installed_package_information.package_discovery:Found 272 installed packages in /opt/ros/humble
[1.228s] Level 1:colcon.colcon_core.package_discovery:discover_packages(prefix_path) using defaults
[78.318s] Level 5:colcon.colcon_core.verb:set package 'trsa_lab1' build argument 'cmake_args' from command line to 'None'
[78.318s] Level 5:colcon.colcon_core.verb:set package 'trsa_lab1' build argument 'cmake_target' from command line to 'None'
[78.318s] Level 5:colcon.colcon_core.verb:set package 'trsa_lab1' build argument 'cmake_target_skip_unavailable' from command line to 'False'
[78.318s] Level 5:colcon.colcon_core.verb:set package 'trsa_lab1' build argument 'cmake_clean_cache' from command line to 'False'
[78.318s] Level 5:colcon.colcon_core.verb:set package 'trsa_lab1' build argument 'cmake_clean_first' from command line to 'False'
[78.318s] Level 5:colcon.colcon_core.verb:set package 'trsa_lab1' build argument 'cmake_force_configure' from command line to 'False'
[78.318s] Level 5:colcon.colcon_core.verb:set package 'trsa_lab1' build argument 'ament_cmake_args' from command line to 'None'
[78.318s] Level 5:colcon.colcon_core.verb:set package 'trsa_lab1' build argument 'catkin_cmake_args' from command line to 'None'
[78.318s] Level 5:colcon.colcon_core.verb:set package 'trsa_lab1' build argument 'catkin_skip_building_tests' from command line to 'False'
[78.318s] DEBUG:colcon.colcon_core.verb:Building package 'trsa_lab1' with the following arguments: {'ament_cmake_args': None, 'build_base': '/home/davidter/ros2_ws/build/trsa_lab1', 'catkin_cmake_args': None, 'catkin_skip_building_tests': False, 'cmake_args': None, 'cmake_clean_cache': False, 'cmake_clean_first': False, 'cmake_force_configure': False, 'cmake_target': None, 'cmake_target_skip_unavailable': False, 'install_base': '/home/davidter/ros2_ws/install/trsa_lab1', 'merge_install': False, 'path': '/home/davidter/ros2_ws/src/trsa_lab1', 'symlink_install': False, 'test_result_base': None}
[78.319s] INFO:colcon.colcon_core.executor:Executing jobs using 'parallel' executor
[78.320s] DEBUG:colcon.colcon_parallel_executor.executor.parallel:run_until_complete
[78.321s] INFO:colcon.colcon_ros.task.ament_python.build:Building ROS package in '/home/davidter/ros2_ws/src/trsa_lab1' with build type 'ament_python'
[78.321s] Level 1:colcon.colcon_core.shell:create_environment_hook('trsa_lab1', 'ament_prefix_path')
[78.332s] INFO:colcon.colcon_core.plugin_system:Skipping extension 'colcon_core.shell.bat': Not used on non-Windows systems
[78.332s] INFO:colcon.colcon_core.shell:Creating environment hook '/home/davidter/ros2_ws/install/trsa_lab1/share/trsa_lab1/hook/ament_prefix_path.ps1'
[78.334s] INFO:colcon.colcon_core.shell:Creating environment descriptor '/home/davidter/ros2_ws/install/trsa_lab1/share/trsa_lab1/hook/ament_prefix_path.dsv'
[78.335s] INFO:colcon.colcon_core.shell:Creating environment hook '/home/davidter/ros2_ws/install/trsa_lab1/share/trsa_lab1/hook/ament_prefix_path.sh'
[78.337s] INFO:colcon.colcon_core.shell:Skip shell extension 'powershell' for command environment: Not usable outside of PowerShell
[78.337s] DEBUG:colcon.colcon_core.shell:Skip shell extension 'dsv' for command environment
[1.668s] INFO:colcon.colcon_core.task.python.build:Building Python package in '/home/davidter/ros2_ws/src/trsa_lab1'
[1.669s] INFO:colcon.colcon_core.shell:Skip shell extension 'powershell' for command environment: Not usable outside of PowerShell
[1.669s] DEBUG:colcon.colcon_core.shell:Skip shell extension 'dsv' for command environment
[2.368s] DEBUG:colcon.colcon_core.event_handler.log_command:Invoking command in '/home/davidter/ros2_ws/src/trsa_lab1': PYTHONPATH=/home/davidter/ros2_ws/build/trsa_lab1/prefix_override:/usr/lib/python3/dist-packages/colcon_core/task/python/colcon_distutils_commands:/home/davidter/ros2_ws/install/trsa_lab1/lib/python3.10/site-packages:${PYTHONPATH} /usr/bin/python3 -W ignore:setup.py install is deprecated -W ignore:easy_install command is deprecated setup.py egg_info --egg-base ../../build/trsa_lab1 build --build-base /home/davidter/ros2_ws/build/trsa_lab1/build install --record /home/davidter/ros2_ws/build/trsa_lab1/install.log --single-version-externally-managed install_data
[2.715s] DEBUG:colcon.colcon_core.event_handler.log_command:Invoked command in '/home/davidter/ros2_ws/src/trsa_lab1' returned '0': PYTHONPATH=/home/davidter/ros2_ws/build/trsa_lab1/prefix_override:/usr/lib/python3/dist-packages/colcon_core/task/python/colcon_distutils_commands:/home/davidter/ros2_ws/install/trsa_lab1/lib/python3.10/site-packages:${PYTHONPATH} /usr/bin/python3 -W ignore:setup.py install is deprecated -W ignore:easy_install command is deprecated setup.py egg_info --egg-base ../../build/trsa_lab1 build --build-base /home/davidter/ros2_ws/build/trsa_lab1/build install --record /home/davidter/ros2_ws/build/trsa_lab1/install.log --single-version-externally-managed install_data
[2.723s] Level 1:colcon.colcon_core.environment:checking '/home/davidter/ros2_ws/install/trsa_lab1' for CMake module files
[2.724s] Level 1:colcon.colcon_core.environment:checking '/home/davidter/ros2_ws/install/trsa_lab1' for CMake config files
[2.725s] Level 1:colcon.colcon_core.environment:checking '/home/davidter/ros2_ws/install/trsa_lab1/lib'
[2.725s] Level 1:colcon.colcon_core.environment:checking '/home/davidter/ros2_ws/install/trsa_lab1/bin'
[2.726s] Level 1:colcon.colcon_core.environment:checking '/home/davidter/ros2_ws/install/trsa_lab1/lib/pkgconfig/trsa_lab1.pc'
[2.726s] Level 1:colcon.colcon_core.environment:checking '/home/davidter/ros2_ws/install/trsa_lab1/lib/python3.10/site-packages'
[2.726s] Level 1:colcon.colcon_core.shell:create_environment_hook('trsa_lab1', 'pythonpath')
[2.726s] INFO:colcon.colcon_core.shell:Creating environment hook '/home/davidter/ros2_ws/install/trsa_lab1/share/trsa_lab1/hook/pythonpath.ps1'
[2.727s] INFO:colcon.colcon_core.shell:Creating environment descriptor '/home/davidter/ros2_ws/install/trsa_lab1/share/trsa_lab1/hook/pythonpath.dsv'
[2.727s] INFO:colcon.colcon_core.shell:Creating environment hook '/home/davidter/ros2_ws/install/trsa_lab1/share/trsa_lab1/hook/pythonpath.sh'
[2.728s] Level 1:colcon.colcon_core.environment:checking '/home/davidter/ros2_ws/install/trsa_lab1/bin'
[2.728s] Level 1:colcon.colcon_core.environment:create_environment_scripts_only(trsa_lab1)
[2.728s] INFO:colcon.colcon_core.shell:Creating package script '/home/davidter/ros2_ws/install/trsa_lab1/share/trsa_lab1/package.ps1'
[2.730s] INFO:colcon.colcon_core.shell:Creating package descriptor '/home/davidter/ros2_ws/install/trsa_lab1/share/trsa_lab1/package.dsv'
[2.731s] INFO:colcon.colcon_core.shell:Creating package script '/home/davidter/ros2_ws/install/trsa_lab1/share/trsa_lab1/package.sh'
[2.732s] INFO:colcon.colcon_core.shell:Creating package script '/home/davidter/ros2_ws/install/trsa_lab1/share/trsa_lab1/package.bash'
[2.734s] INFO:colcon.colcon_core.shell:Creating package script '/home/davidter/ros2_ws/install/trsa_lab1/share/trsa_lab1/package.zsh'
[2.736s] Level 1:colcon.colcon_core.environment:create_file_with_runtime_dependencies(/home/davidter/ros2_ws/install/trsa_lab1/share/colcon-core/packages/trsa_lab1)
[2.736s] DEBUG:colcon.colcon_parallel_executor.executor.parallel:closing loop
[2.737s] DEBUG:colcon.colcon_parallel_executor.executor.parallel:loop closed
[2.737s] DEBUG:colcon.colcon_parallel_executor.executor.parallel:run_until_complete finished with '0'
[2.737s] DEBUG:colcon.colcon_core.event_reactor:joining thread
[2.825s] INFO:colcon.colcon_core.plugin_system:Skipping extension 'colcon_notification.desktop_notification.notify_send': Could not find 'notify-send'
[2.825s] INFO:colcon.colcon_core.plugin_system:Skipping extension 'colcon_notification.desktop_notification.terminal_notifier': Not used on non-Darwin systems
[2.825s] INFO:colcon.colcon_core.plugin_system:Skipping extension 'colcon_notification.desktop_notification.win32': Not used on non-Windows systems
[2.825s] INFO:colcon.colcon_notification.desktop_notification:Sending desktop notification using 'notify2'
[2.826s] DEBUG:colcon.colcon_notification.desktop_notification.notify2:Failed to initialize notify2: org.freedesktop.DBus.Error.FileNotFound: Failed to connect to socket /run/user/1000/bus: No such file or directory
[2.826s] DEBUG:colcon.colcon_core.event_reactor:joined thread
[2.826s] INFO:colcon.colcon_core.shell:Creating prefix script '/home/davidter/ros2_ws/install/local_setup.ps1'
[2.828s] INFO:colcon.colcon_core.shell:Creating prefix util module '/home/davidter/ros2_ws/install/_local_setup_util_ps1.py'
[2.830s] INFO:colcon.colcon_core.shell:Creating prefix chain script '/home/davidter/ros2_ws/install/setup.ps1'
[2.832s] INFO:colcon.colcon_core.shell:Creating prefix script '/home/davidter/ros2_ws/install/local_setup.sh'
[2.833s] INFO:colcon.colcon_core.shell:Creating prefix util module '/home/davidter/ros2_ws/install/_local_setup_util_sh.py'
[2.834s] INFO:colcon.colcon_core.shell:Creating prefix chain script '/home/davidter/ros2_ws/install/setup.sh'
[2.835s] INFO:colcon.colcon_core.shell:Creating prefix script '/home/davidter/ros2_ws/install/local_setup.bash'
[2.836s] INFO:colcon.colcon_core.shell:Creating prefix chain script '/home/davidter/ros2_ws/install/setup.bash'
[2.838s] INFO:colcon.colcon_core.shell:Creating prefix script '/home/davidter/ros2_ws/install/local_setup.zsh'
[2.839s] INFO:colcon.colcon_core.shell:Creating prefix chain script '/home/davidter/ros2_ws/install/setup.zsh'
